The system is: Linux - 5.4.0-42-generic - x86_64
Compiling the C compiler identification source file "CMakeCCompilerId.c" succeeded.
Compiler: /opt/intel/compilers_and_libraries_2020.2.254/linux/bin/intel64/icc 
Build flags: 
Id flags:  

The output was:
0


Compilation of the C compiler identification source "CMakeCCompilerId.c" produced "a.out"

The C compiler identification is Intel, found in "/home/dante/dev/NilDa/build/CMakeFiles/3.18.0/CompilerIdC/a.out"

Compiling the CXX compiler identification source file "CMakeCXXCompilerId.cpp" succeeded.
Compiler: /opt/intel/compilers_and_libraries_2020.2.254/linux/bin/intel64/icpc 
Build flags: 
Id flags:  

The output was:
0


Compilation of the CXX compiler identification source "CMakeCXXCompilerId.cpp" produced "a.out"

The CXX compiler identification is Intel, found in "/home/dante/dev/NilDa/build/CMakeFiles/3.18.0/CompilerIdCXX/a.out"

Detecting C compiler ABI info compiled with the following output:
Change Dir: /home/dante/dev/NilDa/build/CMakeFiles/CMakeTmp

Run Build Command(s):/usr/bin/make cmTC_f0832/fast && /usr/bin/make  -f CMakeFiles/cmTC_f0832.dir/build.make CMakeFiles/cmTC_f0832.dir/build
make[1]: Entering directory '/home/dante/dev/NilDa/build/CMakeFiles/CMakeTmp'
Building C object CMakeFiles/cmTC_f0832.dir/CMakeCCompilerABI.c.o
/opt/intel/compilers_and_libraries_2020.2.254/linux/bin/intel64/icc   -v -o CMakeFiles/cmTC_f0832.dir/CMakeCCompilerABI.c.o -c /snap/cmake/487/share/cmake-3.18/Modules/CMakeCCompilerABI.c
icc version 19.1.2.254 (gcc version 9.3.0 compatibility)
/opt/intel/compilers_and_libraries_2020.2.254/linux/bin/intel64/mcpcom    --target_efi2 --lang=c -_g -mP3OPT_inline_alloca -D__ICC=1910 -D__INTEL_COMPILER=1910 -D__INTEL_COMPILER_UPDATE=2 -D__PTRDIFF_TYPE__=long "-D__SIZE_TYPE__=unsigned long" -D__WCHAR_TYPE__=int "-D__WINT_TYPE__=unsigned int" "-D__INTMAX_TYPE__=long int" "-D__UINTMAX_TYPE__=long unsigned int" -D__LONG_MAX__=9223372036854775807L -D__QMSPP_ -D__OPTIMIZE__ -D__NO_MATH_INLINES -D__NO_STRING_INLINES -D__GNUC_GNU_INLINE__ -D__GNUC__=9 -D__GNUC_MINOR__=3 -D__GNUC_PATCHLEVEL__=0 -D__LP64__ -D_LP64 -D__GXX_ABI_VERSION=1010 "-D__USER_LABEL_PREFIX__= " -D__REGISTER_PREFIX__= -D__INTEL_RTTI__ -D__unix__ -D__unix -D__linux__ -D__linux -D__gnu_linux__ -B -Dunix -Dlinux "-_Asystem(unix)" -D__ELF__ -D__x86_64 -D__x86_64__ -D__amd64 -D__amd64__ "-_Acpu(x86_64)" "-_Amachine(x86_64)" -D__INTEL_COMPILER_BUILD_DATE=20200623 -D__INTEL_OFFLOAD -D__MMX__ -D__SSE__ -D__SSE_MATH__ -D__SSE2__ -D__SSE2_MATH__ -D__pentium4 -D__pentium4__ -D__tune_pentium4__ -_k -_8 -_l --has_new_stdarg_support -_a -_b --gnu_version=90300 -_W5 --openmp_simd --multibyte_chars -mGLOB_diag_suppress_sys --system_preinclude /usr/include/stdc-predef.h -I/opt/intel/compilers_and_libraries_2020.2.254/linux/pstl/include -I/opt/intel/compilers_and_libraries_2020.2.254/linux/ipp/include -I/opt/intel/compilers_and_libraries_2020.2.254/linux/mkl/include -I/opt/intel/compilers_and_libraries_2020.2.254/linux/pstl/include -I/opt/intel/compilers_and_libraries_2020.2.254/linux/pstl/stdlib -I/opt/intel/compilers_and_libraries_2020.2.254/linux/tbb/include -I/opt/intel/compilers_and_libraries_2020.2.254/linux/tbb/include -I/opt/intel/compilers_and_libraries_2020.2.254/linux/daal/include --array_section --simd --simd_func --offload_mode=1 --offload_target_names=mic,MIC --offload_unique_string=icc1707100626f61JTz -mGLOB_em64t=TRUE -mP1OPT_version=19.1-intel64 -mGLOB_diag_file=CMakeFiles/cmTC_f0832.dir/CMakeCCompilerABI.c.diag -mGLOB_long_size_64 -mGLOB_routine_pointer_size_64 -mP1OPT_print_version=FALSE -mCG_use_gas_got_workaround=F -mP2OPT_align_option_used=TRUE -mGLOB_gcc_version=930 "-mGLOB_options_string=-v -o CMakeFiles/cmTC_f0832.dir/CMakeCCompilerABI.c.o -c" -mGLOB_cxx_limited_range=FALSE -mCG_extend_parms=FALSE -mGLOB_compiler_bin_directory=/opt/intel/compilers_and_libraries_2020.2.254/linux/bin/intel64 -mGLOB_as_output_backup_file_name=/tmp/icczrDvQzas_.s -mIPOPT_activate -mIPOPT_lite -mGLOB_uarch_tuning=0x0 -mGLOB_product_id_code=0x22006d93 -mCG_bnl_movbe=T -mP3OPT_use_mspp_call_convention -mP2OPT_subs_out_of_bound=FALSE -mP2OPT_disam_type_based_disam=2 -mP2OPT_disam_assume_ansi_c -mP2OPT_checked_disam_ansi_alias=TRUE -mGLOB_ansi_alias -mPGOPTI_value_profile_use=T -mP2OPT_il0_array_sections=TRUE -mGLOB_offload_mode=1 -mP2OPT_offload_unique_var_string=icc1707100626f61JTz -mP2OPT_hlo_level=2 -mP2OPT_hlo -mP2OPT_hpo_rtt_control=0 -mIPOPT_args_in_regs=0 -mP2OPT_disam_assume_nonstd_intent_in=FALSE -mGLOB_imf_mapping_library=/opt/intel/compilers_and_libraries_2020.2.254/linux/bin/intel64/libiml_attr.so -mPGOPTI_gen_threadsafe_level=0 -mIPOPT_lto_object_enabled -mIPOPT_lto_object_value=1 -mIPOPT_obj_output_file_name=CMakeFiles/cmTC_f0832.dir/CMakeCCompilerABI.c.o -mIPOPT_whole_archive_fixup_file_name=/tmp/iccwarchfoBMqC -mGLOB_linker_version=2.34 -mGLOB_linker=ld -mGLOB_driver_tempfile_name=/tmp/icctempfileCtCzbB -mP3OPT_asm_target=P3OPT_ASM_TARGET_GAS -mGLOB_async_unwind_tables=TRUE -mGLOB_obj_output_file=CMakeFiles/cmTC_f0832.dir/CMakeCCompilerABI.c.o -mGLOB_source_dialect=GLOB_SOURCE_DIALECT_C -mP1OPT_source_file_name=/snap/cmake/487/share/cmake-3.18/Modules/CMakeCCompilerABI.c -mP1OPT_full_source_file_name=/snap/cmake/487/share/cmake-3.18/Modules/CMakeCCompilerABI.c /snap/cmake/487/share/cmake-3.18/Modules/CMakeCCompilerABI.c
#include "..." search starts here:
#include <...> search starts here:
 /opt/intel/compilers_and_libraries_2020.2.254/linux/pstl/include
 /opt/intel/compilers_and_libraries_2020.2.254/linux/ipp/include
 /opt/intel/compilers_and_libraries_2020.2.254/linux/mkl/include
 /opt/intel/compilers_and_libraries_2020.2.254/linux/pstl/include
 /opt/intel/compilers_and_libraries_2020.2.254/linux/pstl/stdlib
 /opt/intel/compilers_and_libraries_2020.2.254/linux/tbb/include
 /opt/intel/compilers_and_libraries_2020.2.254/linux/tbb/include
 /opt/intel/compilers_and_libraries_2020.2.254/linux/daal/include
 /opt/intel/compilers_and_libraries_2020.2.254/linux/compiler/include/intel64
 /opt/intel/compilers_and_libraries_2020.2.254/linux/compiler/include/icc
 /opt/intel/compilers_and_libraries_2020.2.254/linux/compiler/include
 /usr/local/include
 /usr/lib/gcc/x86_64-linux-gnu/9/include
 /usr/include/
 /usr/include
 /usr/include/x86_64-linux-gnu
End of search list.
Linking C executable cmTC_f0832
/snap/cmake/487/bin/cmake -E cmake_link_script CMakeFiles/cmTC_f0832.dir/link.txt --verbose=1
/opt/intel/compilers_and_libraries_2020.2.254/linux/bin/intel64/icc  -v CMakeFiles/cmTC_f0832.dir/CMakeCCompilerABI.c.o -o cmTC_f0832 
icc version 19.1.2.254 (gcc version 9.3.0 compatibility)
/opt/intel/compilers_and_libraries_2020.2.254/linux/bin/intel64/mcpcom    -mGLOB_em64t=TRUE -mP1OPT_version=19.1-intel64 -mGLOB_diag_file=CMakeFiles/cmTC_f0832.dir/CMakeCCompilerABI.c.diag -mGLOB_long_size_64 -mGLOB_routine_pointer_size_64 -mP1OPT_print_version=FALSE -mCG_use_gas_got_workaround=F -mP2OPT_align_option_used=TRUE -mGLOB_gcc_version=930 "-mGLOB_options_string=-v -o cmTC_f0832" -mGLOB_cxx_limited_range=FALSE -mCG_extend_parms=FALSE -mGLOB_compiler_bin_directory=/opt/intel/compilers_and_libraries_2020.2.254/linux/bin/intel64 -mGLOB_as_output_backup_file_name=/tmp/icc8A1L9gas_.s -mGLOB_dashboard_use_source_name -mIPOPT_activate -mGLOB_product_id_code=0x22006d93 -mP3OPT_use_mspp_call_convention -mP2OPT_subs_out_of_bound=FALSE -mP2OPT_disam_type_based_disam=2 -mP2OPT_disam_assume_ansi_c -mP2OPT_checked_disam_ansi_alias=TRUE -mGLOB_ansi_alias -mPGOPTI_value_profile_use=T -mGLOB_opt_report_use_source_name -mP2OPT_il0_array_sections=TRUE -mGLOB_offload_mode=1 -mP2OPT_offload_unique_var_string=icc1606263383z5M9Ig -mP2OPT_hlo -mP2OPT_hpo_rtt_control=0 -mIPOPT_args_in_regs=0 -mP2OPT_disam_assume_nonstd_intent_in=FALSE -mGLOB_imf_mapping_library=/opt/intel/compilers_and_libraries_2020.2.254/linux/bin/intel64/libiml_attr.so -mPGOPTI_gen_threadsafe_level=0 -mIPOPT_link -mIPOPT_ipo_activate -mIPOPT_mo_activate -mIPOPT_source_files_list=/tmp/iccslishWKhIi -mIPOPT_mo_global_data -mIPOPT_link_script_file=/tmp/iccscript6T00Fi "-mIPOPT_cmdline_link="/usr/lib/gcc/x86_64-linux-gnu/9/../../../x86_64-linux-gnu/Scrt1.o" "/usr/lib/gcc/x86_64-linux-gnu/9/../../../x86_64-linux-gnu/crti.o" "/usr/lib/gcc/x86_64-linux-gnu/9/crtbeginS.o" "--eh-frame-hdr" "--build-id" "-dynamic-linker" "/lib64/ld-linux-x86-64.so.2" "-m" "elf_x86_64" "-o" "cmTC_f0832" "-L/opt/intel/compilers_and_libraries_2020.2.254/linux/mpi/intel64/libfabric/lib" "-L/opt/intel/compilers_and_libraries_2020.2.254/linux/ipp/lib/intel64" "-L/opt/intel/compilers_and_libraries_2020.2.254/linux/compiler/lib/intel64_lin" "-L/opt/intel/compilers_and_libraries_2020.2.254/linux/mkl/lib/intel64_lin" "-L/opt/intel/compilers_and_libraries_2020.2.254/linux/tbb/lib/intel64/gcc4.8" "-L/opt/intel/compilers_and_libraries_2020.2.254/linux/tbb/lib/intel64/gcc4.8" "-L/opt/intel/compilers_and_libraries_2020.2.254/linux/daal/lib/intel64_lin" "-L/opt/intel/compilers_and_libraries_2020.2.254/linux/daal/../tbb/lib/intel64_lin/gcc4.4" "-L/opt/intel/compilers_and_libraries_2020.2.254/linux/daal/../tbb/lib/intel64_lin/gcc4.8" "-L/opt/intel/compilers_and_libraries_2020.2.254/linux/compiler/lib/intel64_lin" "-L/opt/intel/compilers_and_libraries_2020.2.254/linux/mpi/intel64/libfabric/lib/../lib/" "-L/usr/lib/gcc/x86_64-linux-gnu/9/" "-L/usr/lib/gcc/x86_64-linux-gnu/9/../../../x86_64-linux-gnu/" "-L/usr/lib/gcc/x86_64-linux-gnu/9/../../../../lib64" "-L/usr/lib/gcc/x86_64-linux-gnu/9/../../../../lib/" "-L/lib/x86_64-linux-gnu/" "-L/lib/../lib64" "-L/lib/../lib/" "-L/usr/lib/x86_64-linux-gnu/" "-L/usr/lib/../lib64" "-L/usr/lib/../lib/" "-L/opt/intel/compilers_and_libraries_2020.2.254/linux/mpi/intel64/libfabric/lib/" "-L/opt/intel/compilers_and_libraries_2020.2.254/linux/ipp/lib/intel64/" "-L/opt/intel/compilers_and_libraries_2020.2.254/linux/compiler/lib/intel64_lin/" "-L/opt/intel/compilers_and_libraries_2020.2.254/linux/mkl/lib/intel64_lin/" "-L/opt/intel/compilers_and_libraries_2020.2.254/linux/tbb/lib/intel64/gcc4.8/" "-L/opt/intel/compilers_and_libraries_2020.2.254/linux/daal/lib/intel64_lin/" "-L/opt/intel/compilers_and_libraries_2020.2.254/linux/daal/../tbb/lib/intel64_lin/gcc4.8/" "-L/usr/lib/gcc/x86_64-linux-gnu/9/../../../" "-L/lib64" "-L/lib/" "-L/usr/lib64" "-L/usr/lib" "-L/usr/lib/i386-linux-gnu" "CMakeFiles/cmTC_f0832.dir/CMakeCCompilerABI.c.o" "-Bdynamic" "-Bstatic" "-limf" "-lsvml" "-lirng" "-Bdynamic" "-lm" "-Bstatic" "-lipgo" "-ldecimal" "--as-needed" "-Bdynamic" "-lcilkrts" "-lstdc++" "--no-as-needed" "-lgcc" "-lgcc_s" "-Bstatic" "-lirc" "-lsvml" "-Bdynamic" "-lc" "-lgcc" "-lgcc_s" "-Bstatic" "-lirc_s" "-Bdynamic" "-ldl" "-lc" "/usr/lib/gcc/x86_64-linux-gnu/9/crtendS.o" "/usr/lib/gcc/x86_64-linux-gnu/9/../../../x86_64-linux-gnu/crtn.o"" -mIPOPT_il_in_obj -mIPOPT_ipo_activate_warn=FALSE -mIPOPT_obj_output_file_name=/tmp/ipo_iccsfCTEi.o -mIPOPT_whole_archive_fixup_file_name=/tmp/iccwarch8qjuRi -mGLOB_linker_version=2.34 -mGLOB_linker=ld -mGLOB_driver_tempfile_name=/tmp/icctempfileBzemVj -mP3OPT_asm_target=P3OPT_ASM_TARGET_GAS -mGLOB_async_unwind_tables=TRUE -mGLOB_obj_output_file=/tmp/ipo_iccsfCTEi.o -mGLOB_source_dialect=GLOB_SOURCE_DIALECT_NONE -mP1OPT_source_file_name=ipo_out.c CMakeFiles/cmTC_f0832.dir/CMakeCCompilerABI.c.o -mIPOPT_object_files=T -mIPOPT_assembly_files=/tmp/iccalisQtcvmk -mIPOPT_generated_tempfiles=/tmp/iccelisC5hDRg -mIPOPT_embedded_object_base_name=/tmp/icceobjBqRask -mIPOPT_cmdline_link_new_name=/tmp/iccllisPmAWQh
ld    /usr/lib/gcc/x86_64-linux-gnu/9/../../../x86_64-linux-gnu/Scrt1.o /usr/lib/gcc/x86_64-linux-gnu/9/../../../x86_64-linux-gnu/crti.o /usr/lib/gcc/x86_64-linux-gnu/9/crtbeginS.o --eh-frame-hdr --build-id -dynamic-linker /lib64/ld-linux-x86-64.so.2 -m elf_x86_64 -o cmTC_f0832 -L/opt/intel/compilers_and_libraries_2020.2.254/linux/mpi/intel64/libfabric/lib -L/opt/intel/compilers_and_libraries_2020.2.254/linux/ipp/lib/intel64 -L/opt/intel/compilers_and_libraries_2020.2.254/linux/compiler/lib/intel64_lin -L/opt/intel/compilers_and_libraries_2020.2.254/linux/mkl/lib/intel64_lin -L/opt/intel/compilers_and_libraries_2020.2.254/linux/tbb/lib/intel64/gcc4.8 -L/opt/intel/compilers_and_libraries_2020.2.254/linux/tbb/lib/intel64/gcc4.8 -L/opt/intel/compilers_and_libraries_2020.2.254/linux/daal/lib/intel64_lin -L/opt/intel/compilers_and_libraries_2020.2.254/linux/daal/../tbb/lib/intel64_lin/gcc4.4 -L/opt/intel/compilers_and_libraries_2020.2.254/linux/daal/../tbb/lib/intel64_lin/gcc4.8 -L/opt/intel/compilers_and_libraries_2020.2.254/linux/compiler/lib/intel64_lin -L/opt/intel/compilers_and_libraries_2020.2.254/linux/mpi/intel64/libfabric/lib/../lib/ -L/usr/lib/gcc/x86_64-linux-gnu/9/ -L/usr/lib/gcc/x86_64-linux-gnu/9/../../../x86_64-linux-gnu/ -L/usr/lib/gcc/x86_64-linux-gnu/9/../../../../lib64 -L/usr/lib/gcc/x86_64-linux-gnu/9/../../../../lib/ -L/lib/x86_64-linux-gnu/ -L/lib/../lib64 -L/lib/../lib/ -L/usr/lib/x86_64-linux-gnu/ -L/usr/lib/../lib64 -L/usr/lib/../lib/ -L/opt/intel/compilers_and_libraries_2020.2.254/linux/mpi/intel64/libfabric/lib/ -L/opt/intel/compilers_and_libraries_2020.2.254/linux/ipp/lib/intel64/ -L/opt/intel/compilers_and_libraries_2020.2.254/linux/compiler/lib/intel64_lin/ -L/opt/intel/compilers_and_libraries_2020.2.254/linux/mkl/lib/intel64_lin/ -L/opt/intel/compilers_and_libraries_2020.2.254/linux/tbb/lib/intel64/gcc4.8/ -L/opt/intel/compilers_and_libraries_2020.2.254/linux/daal/lib/intel64_lin/ -L/opt/intel/compilers_and_libraries_2020.2.254/linux/daal/../tbb/lib/intel64_lin/gcc4.8/ -L/usr/lib/gcc/x86_64-linux-gnu/9/../../../ -L/lib64 -L/lib/ -L/usr/lib64 -L/usr/lib -L/usr/lib/i386-linux-gnu CMakeFiles/cmTC_f0832.dir/CMakeCCompilerABI.c.o -Bdynamic -Bstatic -limf -lsvml -lirng -Bdynamic -lm -Bstatic -lipgo -ldecimal --as-needed -Bdynamic -lcilkrts -lstdc++ --no-as-needed -lgcc -lgcc_s -Bstatic -lirc -lsvml -Bdynamic -lc -lgcc -lgcc_s -Bstatic -lirc_s -Bdynamic -ldl -lc /usr/lib/gcc/x86_64-linux-gnu/9/crtendS.o /usr/lib/gcc/x86_64-linux-gnu/9/../../../x86_64-linux-gnu/crtn.o
make[1]: Leaving directory '/home/dante/dev/NilDa/build/CMakeFiles/CMakeTmp'



Parsed C implicit include dir info from above output: rv=done
  found start of include info
  found start of implicit include info
    add: [/opt/intel/compilers_and_libraries_2020.2.254/linux/pstl/include]
    add: [/opt/intel/compilers_and_libraries_2020.2.254/linux/ipp/include]
    add: [/opt/intel/compilers_and_libraries_2020.2.254/linux/mkl/include]
    add: [/opt/intel/compilers_and_libraries_2020.2.254/linux/pstl/include]
    add: [/opt/intel/compilers_and_libraries_2020.2.254/linux/pstl/stdlib]
    add: [/opt/intel/compilers_and_libraries_2020.2.254/linux/tbb/include]
    add: [/opt/intel/compilers_and_libraries_2020.2.254/linux/tbb/include]
    add: [/opt/intel/compilers_and_libraries_2020.2.254/linux/daal/include]
    add: [/opt/intel/compilers_and_libraries_2020.2.254/linux/compiler/include/intel64]
    add: [/opt/intel/compilers_and_libraries_2020.2.254/linux/compiler/include/icc]
    add: [/opt/intel/compilers_and_libraries_2020.2.254/linux/compiler/include]
    add: [/usr/local/include]
    add: [/usr/lib/gcc/x86_64-linux-gnu/9/include]
    add: [/usr/include/]
    add: [/usr/include]
    add: [/usr/include/x86_64-linux-gnu]
  end of search list found
  collapse include dir [/opt/intel/compilers_and_libraries_2020.2.254/linux/pstl/include] ==> [/opt/intel/compilers_and_libraries_2020.2.254/linux/pstl/include]
  collapse include dir [/opt/intel/compilers_and_libraries_2020.2.254/linux/ipp/include] ==> [/opt/intel/compilers_and_libraries_2020.2.254/linux/ipp/include]
  collapse include dir [/opt/intel/compilers_and_libraries_2020.2.254/linux/mkl/include] ==> [/opt/intel/compilers_and_libraries_2020.2.254/linux/mkl/include]
  collapse include dir [/opt/intel/compilers_and_libraries_2020.2.254/linux/pstl/include] ==> [/opt/intel/compilers_and_libraries_2020.2.254/linux/pstl/include]
  collapse include dir [/opt/intel/compilers_and_libraries_2020.2.254/linux/pstl/stdlib] ==> [/opt/intel/compilers_and_libraries_2020.2.254/linux/pstl/stdlib]
  collapse include dir [/opt/intel/compilers_and_libraries_2020.2.254/linux/tbb/include] ==> [/opt/intel/compilers_and_libraries_2020.2.254/linux/tbb/include]
  collapse include dir [/opt/intel/compilers_and_libraries_2020.2.254/linux/tbb/include] ==> [/opt/intel/compilers_and_libraries_2020.2.254/linux/tbb/include]
  collapse include dir [/opt/intel/compilers_and_libraries_2020.2.254/linux/daal/include] ==> [/opt/intel/compilers_and_libraries_2020.2.254/linux/daal/include]
  collapse include dir [/opt/intel/compilers_and_libraries_2020.2.254/linux/compiler/include/intel64] ==> [/opt/intel/compilers_and_libraries_2020.2.254/linux/compiler/include/intel64]
  collapse include dir [/opt/intel/compilers_and_libraries_2020.2.254/linux/compiler/include/icc] ==> [/opt/intel/compilers_and_libraries_2020.2.254/linux/compiler/include/icc]
  collapse include dir [/opt/intel/compilers_and_libraries_2020.2.254/linux/compiler/include] ==> [/opt/intel/compilers_and_libraries_2020.2.254/linux/compiler/include]
  collapse include dir [/usr/local/include] ==> [/usr/local/include]
  collapse include dir [/usr/lib/gcc/x86_64-linux-gnu/9/include] ==> [/usr/lib/gcc/x86_64-linux-gnu/9/include]
  collapse include dir [/usr/include/] ==> [/usr/include]
  collapse include dir [/usr/include] ==> [/usr/include]
  collapse include dir [/usr/include/x86_64-linux-gnu] ==> [/usr/include/x86_64-linux-gnu]
  implicit include dirs: [/opt/intel/compilers_and_libraries_2020.2.254/linux/pstl/include;/opt/intel/compilers_and_libraries_2020.2.254/linux/ipp/include;/opt/intel/compilers_and_libraries_2020.2.254/linux/mkl/include;/opt/intel/compilers_and_libraries_2020.2.254/linux/pstl/stdlib;/opt/intel/compilers_and_libraries_2020.2.254/linux/tbb/include;/opt/intel/compilers_and_libraries_2020.2.254/linux/daal/include;/opt/intel/compilers_and_libraries_2020.2.254/linux/compiler/include/intel64;/opt/intel/compilers_and_libraries_2020.2.254/linux/compiler/include/icc;/opt/intel/compilers_and_libraries_2020.2.254/linux/compiler/include;/usr/local/include;/usr/lib/gcc/x86_64-linux-gnu/9/include;/usr/include;/usr/include/x86_64-linux-gnu]


Parsed C implicit link information from above output:
  link line regex: [^( *|.*[/\])(ld|CMAKE_LINK_STARTFILE-NOTFOUND|([^/\]+-)?ld|collect2)[^/\]*( |$)]
  ignore line: [Change Dir: /home/dante/dev/NilDa/build/CMakeFiles/CMakeTmp]
  ignore line: []
  ignore line: [Run Build Command(s):/usr/bin/make cmTC_f0832/fast && /usr/bin/make  -f CMakeFiles/cmTC_f0832.dir/build.make CMakeFiles/cmTC_f0832.dir/build]
  ignore line: [make[1]: Entering directory '/home/dante/dev/NilDa/build/CMakeFiles/CMakeTmp']
  ignore line: [Building C object CMakeFiles/cmTC_f0832.dir/CMakeCCompilerABI.c.o]
  ignore line: [/opt/intel/compilers_and_libraries_2020.2.254/linux/bin/intel64/icc   -v -o CMakeFiles/cmTC_f0832.dir/CMakeCCompilerABI.c.o -c /snap/cmake/487/share/cmake-3.18/Modules/CMakeCCompilerABI.c]
  ignore line: [icc version 19.1.2.254 (gcc version 9.3.0 compatibility)]
  ignore line: [/opt/intel/compilers_and_libraries_2020.2.254/linux/bin/intel64/mcpcom    --target_efi2 --lang=c -_g -mP3OPT_inline_alloca -D__ICC=1910 -D__INTEL_COMPILER=1910 -D__INTEL_COMPILER_UPDATE=2 -D__PTRDIFF_TYPE__=long "-D__SIZE_TYPE__=unsigned long" -D__WCHAR_TYPE__=int "-D__WINT_TYPE__=unsigned int" "-D__INTMAX_TYPE__=long int" "-D__UINTMAX_TYPE__=long unsigned int" -D__LONG_MAX__=9223372036854775807L -D__QMSPP_ -D__OPTIMIZE__ -D__NO_MATH_INLINES -D__NO_STRING_INLINES -D__GNUC_GNU_INLINE__ -D__GNUC__=9 -D__GNUC_MINOR__=3 -D__GNUC_PATCHLEVEL__=0 -D__LP64__ -D_LP64 -D__GXX_ABI_VERSION=1010 "-D__USER_LABEL_PREFIX__= " -D__REGISTER_PREFIX__= -D__INTEL_RTTI__ -D__unix__ -D__unix -D__linux__ -D__linux -D__gnu_linux__ -B -Dunix -Dlinux "-_Asystem(unix)" -D__ELF__ -D__x86_64 -D__x86_64__ -D__amd64 -D__amd64__ "-_Acpu(x86_64)" "-_Amachine(x86_64)" -D__INTEL_COMPILER_BUILD_DATE=20200623 -D__INTEL_OFFLOAD -D__MMX__ -D__SSE__ -D__SSE_MATH__ -D__SSE2__ -D__SSE2_MATH__ -D__pentium4 -D__pentium4__ -D__tune_pentium4__ -_k -_8 -_l --has_new_stdarg_support -_a -_b --gnu_version=90300 -_W5 --openmp_simd --multibyte_chars -mGLOB_diag_suppress_sys --system_preinclude /usr/include/stdc-predef.h -I/opt/intel/compilers_and_libraries_2020.2.254/linux/pstl/include -I/opt/intel/compilers_and_libraries_2020.2.254/linux/ipp/include -I/opt/intel/compilers_and_libraries_2020.2.254/linux/mkl/include -I/opt/intel/compilers_and_libraries_2020.2.254/linux/pstl/include -I/opt/intel/compilers_and_libraries_2020.2.254/linux/pstl/stdlib -I/opt/intel/compilers_and_libraries_2020.2.254/linux/tbb/include -I/opt/intel/compilers_and_libraries_2020.2.254/linux/tbb/include -I/opt/intel/compilers_and_libraries_2020.2.254/linux/daal/include --array_section --simd --simd_func --offload_mode=1 --offload_target_names=mic MIC --offload_unique_string=icc1707100626f61JTz -mGLOB_em64t=TRUE -mP1OPT_version=19.1-intel64 -mGLOB_diag_file=CMakeFiles/cmTC_f0832.dir/CMakeCCompilerABI.c.diag -mGLOB_long_size_64 -mGLOB_routine_pointer_size_64 -mP1OPT_print_version=FALSE -mCG_use_gas_got_workaround=F -mP2OPT_align_option_used=TRUE -mGLOB_gcc_version=930 "-mGLOB_options_string=-v -o CMakeFiles/cmTC_f0832.dir/CMakeCCompilerABI.c.o -c" -mGLOB_cxx_limited_range=FALSE -mCG_extend_parms=FALSE -mGLOB_compiler_bin_directory=/opt/intel/compilers_and_libraries_2020.2.254/linux/bin/intel64 -mGLOB_as_output_backup_file_name=/tmp/icczrDvQzas_.s -mIPOPT_activate -mIPOPT_lite -mGLOB_uarch_tuning=0x0 -mGLOB_product_id_code=0x22006d93 -mCG_bnl_movbe=T -mP3OPT_use_mspp_call_convention -mP2OPT_subs_out_of_bound=FALSE -mP2OPT_disam_type_based_disam=2 -mP2OPT_disam_assume_ansi_c -mP2OPT_checked_disam_ansi_alias=TRUE -mGLOB_ansi_alias -mPGOPTI_value_profile_use=T -mP2OPT_il0_array_sections=TRUE -mGLOB_offload_mode=1 -mP2OPT_offload_unique_var_string=icc1707100626f61JTz -mP2OPT_hlo_level=2 -mP2OPT_hlo -mP2OPT_hpo_rtt_control=0 -mIPOPT_args_in_regs=0 -mP2OPT_disam_assume_nonstd_intent_in=FALSE -mGLOB_imf_mapping_library=/opt/intel/compilers_and_libraries_2020.2.254/linux/bin/intel64/libiml_attr.so -mPGOPTI_gen_threadsafe_level=0 -mIPOPT_lto_object_enabled -mIPOPT_lto_object_value=1 -mIPOPT_obj_output_file_name=CMakeFiles/cmTC_f0832.dir/CMakeCCompilerABI.c.o -mIPOPT_whole_archive_fixup_file_name=/tmp/iccwarchfoBMqC -mGLOB_linker_version=2.34 -mGLOB_linker=ld -mGLOB_driver_tempfile_name=/tmp/icctempfileCtCzbB -mP3OPT_asm_target=P3OPT_ASM_TARGET_GAS -mGLOB_async_unwind_tables=TRUE -mGLOB_obj_output_file=CMakeFiles/cmTC_f0832.dir/CMakeCCompilerABI.c.o -mGLOB_source_dialect=GLOB_SOURCE_DIALECT_C -mP1OPT_source_file_name=/snap/cmake/487/share/cmake-3.18/Modules/CMakeCCompilerABI.c -mP1OPT_full_source_file_name=/snap/cmake/487/share/cmake-3.18/Modules/CMakeCCompilerABI.c /snap/cmake/487/share/cmake-3.18/Modules/CMakeCCompilerABI.c]
  ignore line: [#include "..." search starts here:]
  ignore line: [#include <...> search starts here:]
  ignore line: [ /opt/intel/compilers_and_libraries_2020.2.254/linux/pstl/include]
  ignore line: [ /opt/intel/compilers_and_libraries_2020.2.254/linux/ipp/include]
  ignore line: [ /opt/intel/compilers_and_libraries_2020.2.254/linux/mkl/include]
  ignore line: [ /opt/intel/compilers_and_libraries_2020.2.254/linux/pstl/include]
  ignore line: [ /opt/intel/compilers_and_libraries_2020.2.254/linux/pstl/stdlib]
  ignore line: [ /opt/intel/compilers_and_libraries_2020.2.254/linux/tbb/include]
  ignore line: [ /opt/intel/compilers_and_libraries_2020.2.254/linux/tbb/include]
  ignore line: [ /opt/intel/compilers_and_libraries_2020.2.254/linux/daal/include]
  ignore line: [ /opt/intel/compilers_and_libraries_2020.2.254/linux/compiler/include/intel64]
  ignore line: [ /opt/intel/compilers_and_libraries_2020.2.254/linux/compiler/include/icc]
  ignore line: [ /opt/intel/compilers_and_libraries_2020.2.254/linux/compiler/include]
  ignore line: [ /usr/local/include]
  ignore line: [ /usr/lib/gcc/x86_64-linux-gnu/9/include]
  ignore line: [ /usr/include/]
  ignore line: [ /usr/include]
  ignore line: [ /usr/include/x86_64-linux-gnu]
  ignore line: [End of search list.]
  ignore line: [Linking C executable cmTC_f0832]
  ignore line: [/snap/cmake/487/bin/cmake -E cmake_link_script CMakeFiles/cmTC_f0832.dir/link.txt --verbose=1]
  ignore line: [/opt/intel/compilers_and_libraries_2020.2.254/linux/bin/intel64/icc  -v CMakeFiles/cmTC_f0832.dir/CMakeCCompilerABI.c.o -o cmTC_f0832 ]
  ignore line: [icc version 19.1.2.254 (gcc version 9.3.0 compatibility)]
  ignore line: [/opt/intel/compilers_and_libraries_2020.2.254/linux/bin/intel64/mcpcom    -mGLOB_em64t=TRUE -mP1OPT_version=19.1-intel64 -mGLOB_diag_file=CMakeFiles/cmTC_f0832.dir/CMakeCCompilerABI.c.diag -mGLOB_long_size_64 -mGLOB_routine_pointer_size_64 -mP1OPT_print_version=FALSE -mCG_use_gas_got_workaround=F -mP2OPT_align_option_used=TRUE -mGLOB_gcc_version=930 "-mGLOB_options_string=-v -o cmTC_f0832" -mGLOB_cxx_limited_range=FALSE -mCG_extend_parms=FALSE -mGLOB_compiler_bin_directory=/opt/intel/compilers_and_libraries_2020.2.254/linux/bin/intel64 -mGLOB_as_output_backup_file_name=/tmp/icc8A1L9gas_.s -mGLOB_dashboard_use_source_name -mIPOPT_activate -mGLOB_product_id_code=0x22006d93 -mP3OPT_use_mspp_call_convention -mP2OPT_subs_out_of_bound=FALSE -mP2OPT_disam_type_based_disam=2 -mP2OPT_disam_assume_ansi_c -mP2OPT_checked_disam_ansi_alias=TRUE -mGLOB_ansi_alias -mPGOPTI_value_profile_use=T -mGLOB_opt_report_use_source_name -mP2OPT_il0_array_sections=TRUE -mGLOB_offload_mode=1 -mP2OPT_offload_unique_var_string=icc1606263383z5M9Ig -mP2OPT_hlo -mP2OPT_hpo_rtt_control=0 -mIPOPT_args_in_regs=0 -mP2OPT_disam_assume_nonstd_intent_in=FALSE -mGLOB_imf_mapping_library=/opt/intel/compilers_and_libraries_2020.2.254/linux/bin/intel64/libiml_attr.so -mPGOPTI_gen_threadsafe_level=0 -mIPOPT_link -mIPOPT_ipo_activate -mIPOPT_mo_activate -mIPOPT_source_files_list=/tmp/iccslishWKhIi -mIPOPT_mo_global_data -mIPOPT_link_script_file=/tmp/iccscript6T00Fi "-mIPOPT_cmdline_link="/usr/lib/gcc/x86_64-linux-gnu/9/../../../x86_64-linux-gnu/Scrt1.o" "/usr/lib/gcc/x86_64-linux-gnu/9/../../../x86_64-linux-gnu/crti.o" "/usr/lib/gcc/x86_64-linux-gnu/9/crtbeginS.o" "--eh-frame-hdr" "--build-id" "-dynamic-linker" "/lib64/ld-linux-x86-64.so.2" "-m" "elf_x86_64" "-o" "cmTC_f0832" "-L/opt/intel/compilers_and_libraries_2020.2.254/linux/mpi/intel64/libfabric/lib" "-L/opt/intel/compilers_and_libraries_2020.2.254/linux/ipp/lib/intel64" "-L/opt/intel/compilers_and_libraries_2020.2.254/linux/compiler/lib/intel64_lin" "-L/opt/intel/compilers_and_libraries_2020.2.254/linux/mkl/lib/intel64_lin" "-L/opt/intel/compilers_and_libraries_2020.2.254/linux/tbb/lib/intel64/gcc4.8" "-L/opt/intel/compilers_and_libraries_2020.2.254/linux/tbb/lib/intel64/gcc4.8" "-L/opt/intel/compilers_and_libraries_2020.2.254/linux/daal/lib/intel64_lin" "-L/opt/intel/compilers_and_libraries_2020.2.254/linux/daal/../tbb/lib/intel64_lin/gcc4.4" "-L/opt/intel/compilers_and_libraries_2020.2.254/linux/daal/../tbb/lib/intel64_lin/gcc4.8" "-L/opt/intel/compilers_and_libraries_2020.2.254/linux/compiler/lib/intel64_lin" "-L/opt/intel/compilers_and_libraries_2020.2.254/linux/mpi/intel64/libfabric/lib/../lib/" "-L/usr/lib/gcc/x86_64-linux-gnu/9/" "-L/usr/lib/gcc/x86_64-linux-gnu/9/../../../x86_64-linux-gnu/" "-L/usr/lib/gcc/x86_64-linux-gnu/9/../../../../lib64" "-L/usr/lib/gcc/x86_64-linux-gnu/9/../../../../lib/" "-L/lib/x86_64-linux-gnu/" "-L/lib/../lib64" "-L/lib/../lib/" "-L/usr/lib/x86_64-linux-gnu/" "-L/usr/lib/../lib64" "-L/usr/lib/../lib/" "-L/opt/intel/compilers_and_libraries_2020.2.254/linux/mpi/intel64/libfabric/lib/" "-L/opt/intel/compilers_and_libraries_2020.2.254/linux/ipp/lib/intel64/" "-L/opt/intel/compilers_and_libraries_2020.2.254/linux/compiler/lib/intel64_lin/" "-L/opt/intel/compilers_and_libraries_2020.2.254/linux/mkl/lib/intel64_lin/" "-L/opt/intel/compilers_and_libraries_2020.2.254/linux/tbb/lib/intel64/gcc4.8/" "-L/opt/intel/compilers_and_libraries_2020.2.254/linux/daal/lib/intel64_lin/" "-L/opt/intel/compilers_and_libraries_2020.2.254/linux/daal/../tbb/lib/intel64_lin/gcc4.8/" "-L/usr/lib/gcc/x86_64-linux-gnu/9/../../../" "-L/lib64" "-L/lib/" "-L/usr/lib64" "-L/usr/lib" "-L/usr/lib/i386-linux-gnu" "CMakeFiles/cmTC_f0832.dir/CMakeCCompilerABI.c.o" "-Bdynamic" "-Bstatic" "-limf" "-lsvml" "-lirng" "-Bdynamic" "-lm" "-Bstatic" "-lipgo" "-ldecimal" "--as-needed" "-Bdynamic" "-lcilkrts" "-lstdc++" "--no-as-needed" "-lgcc" "-lgcc_s" "-Bstatic" "-lirc" "-lsvml" "-Bdynamic" "-lc" "-lgcc" "-lgcc_s" "-Bstatic" "-lirc_s" "-Bdynamic" "-ldl" "-lc" "/usr/lib/gcc/x86_64-linux-gnu/9/crtendS.o" "/usr/lib/gcc/x86_64-linux-gnu/9/../../../x86_64-linux-gnu/crtn.o"" -mIPOPT_il_in_obj -mIPOPT_ipo_activate_warn=FALSE -mIPOPT_obj_output_file_name=/tmp/ipo_iccsfCTEi.o -mIPOPT_whole_archive_fixup_file_name=/tmp/iccwarch8qjuRi -mGLOB_linker_version=2.34 -mGLOB_linker=ld -mGLOB_driver_tempfile_name=/tmp/icctempfileBzemVj -mP3OPT_asm_target=P3OPT_ASM_TARGET_GAS -mGLOB_async_unwind_tables=TRUE -mGLOB_obj_output_file=/tmp/ipo_iccsfCTEi.o -mGLOB_source_dialect=GLOB_SOURCE_DIALECT_NONE -mP1OPT_source_file_name=ipo_out.c CMakeFiles/cmTC_f0832.dir/CMakeCCompilerABI.c.o -mIPOPT_object_files=T -mIPOPT_assembly_files=/tmp/iccalisQtcvmk -mIPOPT_generated_tempfiles=/tmp/iccelisC5hDRg -mIPOPT_embedded_object_base_name=/tmp/icceobjBqRask -mIPOPT_cmdline_link_new_name=/tmp/iccllisPmAWQh]
  link line: [ld    /usr/lib/gcc/x86_64-linux-gnu/9/../../../x86_64-linux-gnu/Scrt1.o /usr/lib/gcc/x86_64-linux-gnu/9/../../../x86_64-linux-gnu/crti.o /usr/lib/gcc/x86_64-linux-gnu/9/crtbeginS.o --eh-frame-hdr --build-id -dynamic-linker /lib64/ld-linux-x86-64.so.2 -m elf_x86_64 -o cmTC_f0832 -L/opt/intel/compilers_and_libraries_2020.2.254/linux/mpi/intel64/libfabric/lib -L/opt/intel/compilers_and_libraries_2020.2.254/linux/ipp/lib/intel64 -L/opt/intel/compilers_and_libraries_2020.2.254/linux/compiler/lib/intel64_lin -L/opt/intel/compilers_and_libraries_2020.2.254/linux/mkl/lib/intel64_lin -L/opt/intel/compilers_and_libraries_2020.2.254/linux/tbb/lib/intel64/gcc4.8 -L/opt/intel/compilers_and_libraries_2020.2.254/linux/tbb/lib/intel64/gcc4.8 -L/opt/intel/compilers_and_libraries_2020.2.254/linux/daal/lib/intel64_lin -L/opt/intel/compilers_and_libraries_2020.2.254/linux/daal/../tbb/lib/intel64_lin/gcc4.4 -L/opt/intel/compilers_and_libraries_2020.2.254/linux/daal/../tbb/lib/intel64_lin/gcc4.8 -L/opt/intel/compilers_and_libraries_2020.2.254/linux/compiler/lib/intel64_lin -L/opt/intel/compilers_and_libraries_2020.2.254/linux/mpi/intel64/libfabric/lib/../lib/ -L/usr/lib/gcc/x86_64-linux-gnu/9/ -L/usr/lib/gcc/x86_64-linux-gnu/9/../../../x86_64-linux-gnu/ -L/usr/lib/gcc/x86_64-linux-gnu/9/../../../../lib64 -L/usr/lib/gcc/x86_64-linux-gnu/9/../../../../lib/ -L/lib/x86_64-linux-gnu/ -L/lib/../lib64 -L/lib/../lib/ -L/usr/lib/x86_64-linux-gnu/ -L/usr/lib/../lib64 -L/usr/lib/../lib/ -L/opt/intel/compilers_and_libraries_2020.2.254/linux/mpi/intel64/libfabric/lib/ -L/opt/intel/compilers_and_libraries_2020.2.254/linux/ipp/lib/intel64/ -L/opt/intel/compilers_and_libraries_2020.2.254/linux/compiler/lib/intel64_lin/ -L/opt/intel/compilers_and_libraries_2020.2.254/linux/mkl/lib/intel64_lin/ -L/opt/intel/compilers_and_libraries_2020.2.254/linux/tbb/lib/intel64/gcc4.8/ -L/opt/intel/compilers_and_libraries_2020.2.254/linux/daal/lib/intel64_lin/ -L/opt/intel/compilers_and_libraries_2020.2.254/linux/daal/../tbb/lib/intel64_lin/gcc4.8/ -L/usr/lib/gcc/x86_64-linux-gnu/9/../../../ -L/lib64 -L/lib/ -L/usr/lib64 -L/usr/lib -L/usr/lib/i386-linux-gnu CMakeFiles/cmTC_f0832.dir/CMakeCCompilerABI.c.o -Bdynamic -Bstatic -limf -lsvml -lirng -Bdynamic -lm -Bstatic -lipgo -ldecimal --as-needed -Bdynamic -lcilkrts -lstdc++ --no-as-needed -lgcc -lgcc_s -Bstatic -lirc -lsvml -Bdynamic -lc -lgcc -lgcc_s -Bstatic -lirc_s -Bdynamic -ldl -lc /usr/lib/gcc/x86_64-linux-gnu/9/crtendS.o /usr/lib/gcc/x86_64-linux-gnu/9/../../../x86_64-linux-gnu/crtn.o]
    arg [ld] ==> ignore
    arg [/usr/lib/gcc/x86_64-linux-gnu/9/../../../x86_64-linux-gnu/Scrt1.o] ==> ignore
    arg [/usr/lib/gcc/x86_64-linux-gnu/9/../../../x86_64-linux-gnu/crti.o] ==> ignore
    arg [/usr/lib/gcc/x86_64-linux-gnu/9/crtbeginS.o] ==> ignore
    arg [--eh-frame-hdr] ==> ignore
    arg [--build-id] ==> ignore
    arg [-dynamic-linker] ==> ignore
    arg [/lib64/ld-linux-x86-64.so.2] ==> ignore
    arg [-m] ==> ignore
    arg [elf_x86_64] ==> ignore
    arg [-o] ==> ignore
    arg [cmTC_f0832] ==> ignore
    arg [-L/opt/intel/compilers_and_libraries_2020.2.254/linux/mpi/intel64/libfabric/lib] ==> dir [/opt/intel/compilers_and_libraries_2020.2.254/linux/mpi/intel64/libfabric/lib]
    arg [-L/opt/intel/compilers_and_libraries_2020.2.254/linux/ipp/lib/intel64] ==> dir [/opt/intel/compilers_and_libraries_2020.2.254/linux/ipp/lib/intel64]
    arg [-L/opt/intel/compilers_and_libraries_2020.2.254/linux/compiler/lib/intel64_lin] ==> dir [/opt/intel/compilers_and_libraries_2020.2.254/linux/compiler/lib/intel64_lin]
    arg [-L/opt/intel/compilers_and_libraries_2020.2.254/linux/mkl/lib/intel64_lin] ==> dir [/opt/intel/compilers_and_libraries_2020.2.254/linux/mkl/lib/intel64_lin]
    arg [-L/opt/intel/compilers_and_libraries_2020.2.254/linux/tbb/lib/intel64/gcc4.8] ==> dir [/opt/intel/compilers_and_libraries_2020.2.254/linux/tbb/lib/intel64/gcc4.8]
    arg [-L/opt/intel/compilers_and_libraries_2020.2.254/linux/tbb/lib/intel64/gcc4.8] ==> dir [/opt/intel/compilers_and_libraries_2020.2.254/linux/tbb/lib/intel64/gcc4.8]
    arg [-L/opt/intel/compilers_and_libraries_2020.2.254/linux/daal/lib/intel64_lin] ==> dir [/opt/intel/compilers_and_libraries_2020.2.254/linux/daal/lib/intel64_lin]
    arg [-L/opt/intel/compilers_and_libraries_2020.2.254/linux/daal/../tbb/lib/intel64_lin/gcc4.4] ==> dir [/opt/intel/compilers_and_libraries_2020.2.254/linux/daal/../tbb/lib/intel64_lin/gcc4.4]
    arg [-L/opt/intel/compilers_and_libraries_2020.2.254/linux/daal/../tbb/lib/intel64_lin/gcc4.8] ==> dir [/opt/intel/compilers_and_libraries_2020.2.254/linux/daal/../tbb/lib/intel64_lin/gcc4.8]
    arg [-L/opt/intel/compilers_and_libraries_2020.2.254/linux/compiler/lib/intel64_lin] ==> dir [/opt/intel/compilers_and_libraries_2020.2.254/linux/compiler/lib/intel64_lin]
    arg [-L/opt/intel/compilers_and_libraries_2020.2.254/linux/mpi/intel64/libfabric/lib/../lib/] ==> dir [/opt/intel/compilers_and_libraries_2020.2.254/linux/mpi/intel64/libfabric/lib/../lib/]
    arg [-L/usr/lib/gcc/x86_64-linux-gnu/9/] ==> dir [/usr/lib/gcc/x86_64-linux-gnu/9/]
    arg [-L/usr/lib/gcc/x86_64-linux-gnu/9/../../../x86_64-linux-gnu/] ==> dir [/usr/lib/gcc/x86_64-linux-gnu/9/../../../x86_64-linux-gnu/]
    arg [-L/usr/lib/gcc/x86_64-linux-gnu/9/../../../../lib64] ==> dir [/usr/lib/gcc/x86_64-linux-gnu/9/../../../../lib64]
    arg [-L/usr/lib/gcc/x86_64-linux-gnu/9/../../../../lib/] ==> dir [/usr/lib/gcc/x86_64-linux-gnu/9/../../../../lib/]
    arg [-L/lib/x86_64-linux-gnu/] ==> dir [/lib/x86_64-linux-gnu/]
    arg [-L/lib/../lib64] ==> dir [/lib/../lib64]
    arg [-L/lib/../lib/] ==> dir [/lib/../lib/]
    arg [-L/usr/lib/x86_64-linux-gnu/] ==> dir [/usr/lib/x86_64-linux-gnu/]
    arg [-L/usr/lib/../lib64] ==> dir [/usr/lib/../lib64]
    arg [-L/usr/lib/../lib/] ==> dir [/usr/lib/../lib/]
    arg [-L/opt/intel/compilers_and_libraries_2020.2.254/linux/mpi/intel64/libfabric/lib/] ==> dir [/opt/intel/compilers_and_libraries_2020.2.254/linux/mpi/intel64/libfabric/lib/]
    arg [-L/opt/intel/compilers_and_libraries_2020.2.254/linux/ipp/lib/intel64/] ==> dir [/opt/intel/compilers_and_libraries_2020.2.254/linux/ipp/lib/intel64/]
    arg [-L/opt/intel/compilers_and_libraries_2020.2.254/linux/compiler/lib/intel64_lin/] ==> dir [/opt/intel/compilers_and_libraries_2020.2.254/linux/compiler/lib/intel64_lin/]
    arg [-L/opt/intel/compilers_and_libraries_2020.2.254/linux/mkl/lib/intel64_lin/] ==> dir [/opt/intel/compilers_and_libraries_2020.2.254/linux/mkl/lib/intel64_lin/]
    arg [-L/opt/intel/compilers_and_libraries_2020.2.254/linux/tbb/lib/intel64/gcc4.8/] ==> dir [/opt/intel/compilers_and_libraries_2020.2.254/linux/tbb/lib/intel64/gcc4.8/]
    arg [-L/opt/intel/compilers_and_libraries_2020.2.254/linux/daal/lib/intel64_lin/] ==> dir [/opt/intel/compilers_and_libraries_2020.2.254/linux/daal/lib/intel64_lin/]
    arg [-L/opt/intel/compilers_and_libraries_2020.2.254/linux/daal/../tbb/lib/intel64_lin/gcc4.8/] ==> dir [/opt/intel/compilers_and_libraries_2020.2.254/linux/daal/../tbb/lib/intel64_lin/gcc4.8/]
    arg [-L/usr/lib/gcc/x86_64-linux-gnu/9/../../../] ==> dir [/usr/lib/gcc/x86_64-linux-gnu/9/../../../]
    arg [-L/lib64] ==> dir [/lib64]
    arg [-L/lib/] ==> dir [/lib/]
    arg [-L/usr/lib64] ==> dir [/usr/lib64]
    arg [-L/usr/lib] ==> dir [/usr/lib]
    arg [-L/usr/lib/i386-linux-gnu] ==> dir [/usr/lib/i386-linux-gnu]
    arg [CMakeFiles/cmTC_f0832.dir/CMakeCCompilerABI.c.o] ==> ignore
    arg [-Bdynamic] ==> ignore
    arg [-Bstatic] ==> ignore
    arg [-limf] ==> lib [imf]
    arg [-lsvml] ==> lib [svml]
    arg [-lirng] ==> lib [irng]
    arg [-Bdynamic] ==> ignore
    arg [-lm] ==> lib [m]
    arg [-Bstatic] ==> ignore
    arg [-lipgo] ==> lib [ipgo]
    arg [-ldecimal] ==> lib [decimal]
    arg [--as-needed] ==> ignore
    arg [-Bdynamic] ==> ignore
    arg [-lcilkrts] ==> lib [cilkrts]
    arg [-lstdc++] ==> lib [stdc++]
    arg [--no-as-needed] ==> ignore
    arg [-lgcc] ==> lib [gcc]
    arg [-lgcc_s] ==> lib [gcc_s]
    arg [-Bstatic] ==> ignore
    arg [-lirc] ==> lib [irc]
    arg [-lsvml] ==> lib [svml]
    arg [-Bdynamic] ==> ignore
    arg [-lc] ==> lib [c]
    arg [-lgcc] ==> lib [gcc]
    arg [-lgcc_s] ==> lib [gcc_s]
    arg [-Bstatic] ==> ignore
    arg [-lirc_s] ==> lib [irc_s]
    arg [-Bdynamic] ==> ignore
    arg [-ldl] ==> lib [dl]
    arg [-lc] ==> lib [c]
    arg [/usr/lib/gcc/x86_64-linux-gnu/9/crtendS.o] ==> ignore
    arg [/usr/lib/gcc/x86_64-linux-gnu/9/../../../x86_64-linux-gnu/crtn.o] ==> ignore
  collapse library dir [/opt/intel/compilers_and_libraries_2020.2.254/linux/mpi/intel64/libfabric/lib] ==> [/opt/intel/compilers_and_libraries_2020.2.254/linux/mpi/intel64/libfabric/lib]
  collapse library dir [/opt/intel/compilers_and_libraries_2020.2.254/linux/ipp/lib/intel64] ==> [/opt/intel/compilers_and_libraries_2020.2.254/linux/ipp/lib/intel64]
  collapse library dir [/opt/intel/compilers_and_libraries_2020.2.254/linux/compiler/lib/intel64_lin] ==> [/opt/intel/compilers_and_libraries_2020.2.254/linux/compiler/lib/intel64_lin]
  collapse library dir [/opt/intel/compilers_and_libraries_2020.2.254/linux/mkl/lib/intel64_lin] ==> [/opt/intel/compilers_and_libraries_2020.2.254/linux/mkl/lib/intel64_lin]
  collapse library dir [/opt/intel/compilers_and_libraries_2020.2.254/linux/tbb/lib/intel64/gcc4.8] ==> [/opt/intel/compilers_and_libraries_2020.2.254/linux/tbb/lib/intel64/gcc4.8]
  collapse library dir [/opt/intel/compilers_and_libraries_2020.2.254/linux/tbb/lib/intel64/gcc4.8] ==> [/opt/intel/compilers_and_libraries_2020.2.254/linux/tbb/lib/intel64/gcc4.8]
  collapse library dir [/opt/intel/compilers_and_libraries_2020.2.254/linux/daal/lib/intel64_lin] ==> [/opt/intel/compilers_and_libraries_2020.2.254/linux/daal/lib/intel64_lin]
  collapse library dir [/opt/intel/compilers_and_libraries_2020.2.254/linux/daal/../tbb/lib/intel64_lin/gcc4.4] ==> [/opt/intel/compilers_and_libraries_2020.2.254/linux/tbb/lib/intel64_lin/gcc4.4]
  collapse library dir [/opt/intel/compilers_and_libraries_2020.2.254/linux/daal/../tbb/lib/intel64_lin/gcc4.8] ==> [/opt/intel/compilers_and_libraries_2020.2.254/linux/tbb/lib/intel64_lin/gcc4.8]
  collapse library dir [/opt/intel/compilers_and_libraries_2020.2.254/linux/compiler/lib/intel64_lin] ==> [/opt/intel/compilers_and_libraries_2020.2.254/linux/compiler/lib/intel64_lin]
  collapse library dir [/opt/intel/compilers_and_libraries_2020.2.254/linux/mpi/intel64/libfabric/lib/../lib/] ==> [/opt/intel/compilers_and_libraries_2020.2.254/linux/mpi/intel64/libfabric/lib]
  collapse library dir [/usr/lib/gcc/x86_64-linux-gnu/9/] ==> [/usr/lib/gcc/x86_64-linux-gnu/9]
  collapse library dir [/usr/lib/gcc/x86_64-linux-gnu/9/../../../x86_64-linux-gnu/] ==> [/usr/lib/x86_64-linux-gnu]
  collapse library dir [/usr/lib/gcc/x86_64-linux-gnu/9/../../../../lib64] ==> [/usr/lib64]
  collapse library dir [/usr/lib/gcc/x86_64-linux-gnu/9/../../../../lib/] ==> [/usr/lib]
  collapse library dir [/lib/x86_64-linux-gnu/] ==> [/lib/x86_64-linux-gnu]
  collapse library dir [/lib/../lib64] ==> [/lib64]
  collapse library dir [/lib/../lib/] ==> [/lib]
  collapse library dir [/usr/lib/x86_64-linux-gnu/] ==> [/usr/lib/x86_64-linux-gnu]
  collapse library dir [/usr/lib/../lib64] ==> [/usr/lib64]
  collapse library dir [/usr/lib/../lib/] ==> [/usr/lib]
  collapse library dir [/opt/intel/compilers_and_libraries_2020.2.254/linux/mpi/intel64/libfabric/lib/] ==> [/opt/intel/compilers_and_libraries_2020.2.254/linux/mpi/intel64/libfabric/lib]
  collapse library dir [/opt/intel/compilers_and_libraries_2020.2.254/linux/ipp/lib/intel64/] ==> [/opt/intel/compilers_and_libraries_2020.2.254/linux/ipp/lib/intel64]
  collapse library dir [/opt/intel/compilers_and_libraries_2020.2.254/linux/compiler/lib/intel64_lin/] ==> [/opt/intel/compilers_and_libraries_2020.2.254/linux/compiler/lib/intel64_lin]
  collapse library dir [/opt/intel/compilers_and_libraries_2020.2.254/linux/mkl/lib/intel64_lin/] ==> [/opt/intel/compilers_and_libraries_2020.2.254/linux/mkl/lib/intel64_lin]
  collapse library dir [/opt/intel/compilers_and_libraries_2020.2.254/linux/tbb/lib/intel64/gcc4.8/] ==> [/opt/intel/compilers_and_libraries_2020.2.254/linux/tbb/lib/intel64/gcc4.8]
  collapse library dir [/opt/intel/compilers_and_libraries_2020.2.254/linux/daal/lib/intel64_lin/] ==> [/opt/intel/compilers_and_libraries_2020.2.254/linux/daal/lib/intel64_lin]
  collapse library dir [/opt/intel/compilers_and_libraries_2020.2.254/linux/daal/../tbb/lib/intel64_lin/gcc4.8/] ==> [/opt/intel/compilers_and_libraries_2020.2.254/linux/tbb/lib/intel64_lin/gcc4.8]
  collapse library dir [/usr/lib/gcc/x86_64-linux-gnu/9/../../../] ==> [/usr/lib]
  collapse library dir [/lib64] ==> [/lib64]
  collapse library dir [/lib/] ==> [/lib]
  collapse library dir [/usr/lib64] ==> [/usr/lib64]
  collapse library dir [/usr/lib] ==> [/usr/lib]
  collapse library dir [/usr/lib/i386-linux-gnu] ==> [/usr/lib/i386-linux-gnu]
  implicit libs: [imf;svml;irng;m;ipgo;decimal;cilkrts;stdc++;gcc;gcc_s;irc;svml;c;gcc;gcc_s;irc_s;dl;c]
  implicit dirs: [/opt/intel/compilers_and_libraries_2020.2.254/linux/mpi/intel64/libfabric/lib;/opt/intel/compilers_and_libraries_2020.2.254/linux/ipp/lib/intel64;/opt/intel/compilers_and_libraries_2020.2.254/linux/compiler/lib/intel64_lin;/opt/intel/compilers_and_libraries_2020.2.254/linux/mkl/lib/intel64_lin;/opt/intel/compilers_and_libraries_2020.2.254/linux/tbb/lib/intel64/gcc4.8;/opt/intel/compilers_and_libraries_2020.2.254/linux/daal/lib/intel64_lin;/opt/intel/compilers_and_libraries_2020.2.254/linux/tbb/lib/intel64_lin/gcc4.4;/opt/intel/compilers_and_libraries_2020.2.254/linux/tbb/lib/intel64_lin/gcc4.8;/usr/lib/gcc/x86_64-linux-gnu/9;/usr/lib/x86_64-linux-gnu;/usr/lib64;/usr/lib;/lib/x86_64-linux-gnu;/lib64;/lib;/usr/lib/i386-linux-gnu]
  implicit fwks: []


Detecting CXX compiler ABI info compiled with the following output:
Change Dir: /home/dante/dev/NilDa/build/CMakeFiles/CMakeTmp

Run Build Command(s):/usr/bin/make cmTC_4972c/fast && /usr/bin/make  -f CMakeFiles/cmTC_4972c.dir/build.make CMakeFiles/cmTC_4972c.dir/build
make[1]: Entering directory '/home/dante/dev/NilDa/build/CMakeFiles/CMakeTmp'
Building CXX object CMakeFiles/cmTC_4972c.dir/CMakeCXXCompilerABI.cpp.o
/opt/intel/compilers_and_libraries_2020.2.254/linux/bin/intel64/icpc   -v -o CMakeFiles/cmTC_4972c.dir/CMakeCXXCompilerABI.cpp.o -c /snap/cmake/487/share/cmake-3.18/Modules/CMakeCXXCompilerABI.cpp
icpc version 19.1.2.254 (gcc version 9.3.0 compatibility)
/opt/intel/compilers_and_libraries_2020.2.254/linux/bin/intel64/mcpcom    --target_efi2 --lang=c++ -_g -mP3OPT_inline_alloca -D__ICC=1910 -D__INTEL_COMPILER=1910 -D__INTEL_COMPILER_UPDATE=2 -D__PTRDIFF_TYPE__=long "-D__SIZE_TYPE__=unsigned long" -D__WCHAR_TYPE__=int "-D__WINT_TYPE__=unsigned int" "-D__INTMAX_TYPE__=long int" "-D__UINTMAX_TYPE__=long unsigned int" -D__GLIBCXX_TYPE_INT_N_0=__int128 -D__GLIBCXX_BITSIZE_INT_N_0=128 -D__LONG_MAX__=9223372036854775807L -D__QMSPP_ -D__OPTIMIZE__ -D__NO_MATH_INLINES -D__NO_STRING_INLINES -D__GNUC_GNU_INLINE__ -D__GNUG__=9 -D__GNUC__=9 -D__GNUC_MINOR__=3 -D__GNUC_PATCHLEVEL__=0 -D__LP64__ -D_LP64 -D_GNU_SOURCE=1 -D__DEPRECATED=1 -D__GXX_WEAK__=1 -D__GXX_ABI_VERSION=1010 "-D__USER_LABEL_PREFIX__= " -D__REGISTER_PREFIX__= -D__INTEL_RTTI__ -D__EXCEPTIONS=1 -D__unix__ -D__unix -D__linux__ -D__linux -D__gnu_linux__ -B -Dunix -Dlinux "-_Asystem(unix)" -D__ELF__ -D__x86_64 -D__x86_64__ -D__amd64 -D__amd64__ "-_Acpu(x86_64)" "-_Amachine(x86_64)" -D__INTEL_COMPILER_BUILD_DATE=20200623 -D__INTEL_OFFLOAD -D__MMX__ -D__SSE__ -D__SSE_MATH__ -D__SSE2__ -D__SSE2_MATH__ -D__pentium4 -D__pentium4__ -D__tune_pentium4__ -_k -_8 -_l --has_new_stdarg_support -_a -_b --gnu_version=90300 -_W5 -p --bool -tused -x --openmp_simd --multibyte_chars -mGLOB_diag_suppress_sys --system_preinclude /usr/include/stdc-predef.h -I/opt/intel/compilers_and_libraries_2020.2.254/linux/pstl/include -I/opt/intel/compilers_and_libraries_2020.2.254/linux/ipp/include -I/opt/intel/compilers_and_libraries_2020.2.254/linux/mkl/include -I/opt/intel/compilers_and_libraries_2020.2.254/linux/pstl/include -I/opt/intel/compilers_and_libraries_2020.2.254/linux/pstl/stdlib -I/opt/intel/compilers_and_libraries_2020.2.254/linux/tbb/include -I/opt/intel/compilers_and_libraries_2020.2.254/linux/tbb/include -I/opt/intel/compilers_and_libraries_2020.2.254/linux/daal/include --array_section --simd --simd_func --offload_mode=1 --offload_target_names=mic,MIC --offload_unique_string=icpc0642494347uOSwhf --bool -mGLOB_em64t=TRUE -mP1OPT_version=19.1-intel64 -mGLOB_diag_file=CMakeFiles/cmTC_4972c.dir/CMakeCXXCompilerABI.cpp.diag -mGLOB_long_size_64 -mGLOB_routine_pointer_size_64 -mP1OPT_print_version=FALSE -mCG_use_gas_got_workaround=F -mP2OPT_align_option_used=TRUE -mGLOB_gcc_version=930 "-mGLOB_options_string=-v -o CMakeFiles/cmTC_4972c.dir/CMakeCXXCompilerABI.cpp.o -c" -mGLOB_cxx_limited_range=FALSE -mCG_extend_parms=FALSE -mGLOB_compiler_bin_directory=/opt/intel/compilers_and_libraries_2020.2.254/linux/bin/intel64 -mGLOB_as_output_backup_file_name=/tmp/icpcxQtRBfas_.s -mIPOPT_activate -mIPOPT_lite -mGLOB_uarch_tuning=0x0 -mGLOB_product_id_code=0x22006d90 -mCG_bnl_movbe=T -mP3OPT_use_mspp_call_convention -mP2OPT_subs_out_of_bound=FALSE -mP2OPT_disam_type_based_disam=2 -mP2OPT_disam_assume_ansi_c -mP2OPT_checked_disam_ansi_alias=TRUE -mGLOB_ansi_alias -mPGOPTI_value_profile_use=T -mP2OPT_il0_array_sections=TRUE -mGLOB_offload_mode=1 -mP2OPT_offload_unique_var_string=icpc0642494347uOSwhf -mP2OPT_hlo_level=2 -mP2OPT_hlo -mP2OPT_hpo_rtt_control=0 -mIPOPT_args_in_regs=0 -mP2OPT_disam_assume_nonstd_intent_in=FALSE -mGLOB_imf_mapping_library=/opt/intel/compilers_and_libraries_2020.2.254/linux/bin/intel64/libiml_attr.so -mPGOPTI_gen_threadsafe_level=0 -mIPOPT_lto_object_enabled -mIPOPT_lto_object_value=1 -mIPOPT_obj_output_file_name=CMakeFiles/cmTC_4972c.dir/CMakeCXXCompilerABI.cpp.o -mIPOPT_whole_archive_fixup_file_name=/tmp/icpcwarchwU80Gi -mGLOB_linker_version=2.34 -mGLOB_linker=ld -mGLOB_driver_tempfile_name=/tmp/icpctempfiled1dbeh -mP3OPT_asm_target=P3OPT_ASM_TARGET_GAS -mGLOB_async_unwind_tables=TRUE -mGLOB_obj_output_file=CMakeFiles/cmTC_4972c.dir/CMakeCXXCompilerABI.cpp.o -mGLOB_source_dialect=GLOB_SOURCE_DIALECT_C_PLUS_PLUS -mP1OPT_source_file_name=/snap/cmake/487/share/cmake-3.18/Modules/CMakeCXXCompilerABI.cpp -mP1OPT_full_source_file_name=/snap/cmake/487/share/cmake-3.18/Modules/CMakeCXXCompilerABI.cpp -mGLOB_eh_linux /snap/cmake/487/share/cmake-3.18/Modules/CMakeCXXCompilerABI.cpp
#include "..." search starts here:
#include <...> search starts here:
 /opt/intel/compilers_and_libraries_2020.2.254/linux/pstl/include
 /opt/intel/compilers_and_libraries_2020.2.254/linux/ipp/include
 /opt/intel/compilers_and_libraries_2020.2.254/linux/mkl/include
 /opt/intel/compilers_and_libraries_2020.2.254/linux/pstl/include
 /opt/intel/compilers_and_libraries_2020.2.254/linux/pstl/stdlib
 /opt/intel/compilers_and_libraries_2020.2.254/linux/tbb/include
 /opt/intel/compilers_and_libraries_2020.2.254/linux/tbb/include
 /opt/intel/compilers_and_libraries_2020.2.254/linux/daal/include
 /opt/intel/compilers_and_libraries_2020.2.254/linux/compiler/include/intel64
 /opt/intel/compilers_and_libraries_2020.2.254/linux/compiler/include/icc
 /opt/intel/compilers_and_libraries_2020.2.254/linux/compiler/include
 /usr/include/c++/9
 /usr/include/c++/9/backward
 /usr/local/include
 /usr/lib/gcc/x86_64-linux-gnu/9/include
 /usr/include/
 /usr/include
 /usr/include/x86_64-linux-gnu
 /usr/include/x86_64-linux-gnu/c++/9
End of search list.
Linking CXX executable cmTC_4972c
/snap/cmake/487/bin/cmake -E cmake_link_script CMakeFiles/cmTC_4972c.dir/link.txt --verbose=1
/opt/intel/compilers_and_libraries_2020.2.254/linux/bin/intel64/icpc  -v CMakeFiles/cmTC_4972c.dir/CMakeCXXCompilerABI.cpp.o -o cmTC_4972c 
icpc version 19.1.2.254 (gcc version 9.3.0 compatibility)
/opt/intel/compilers_and_libraries_2020.2.254/linux/bin/intel64/mcpcom    -mGLOB_em64t=TRUE -mP1OPT_version=19.1-intel64 -mGLOB_diag_file=CMakeFiles/cmTC_4972c.dir/CMakeCXXCompilerABI.cpp.diag -mGLOB_long_size_64 -mGLOB_routine_pointer_size_64 -mP1OPT_print_version=FALSE -mCG_use_gas_got_workaround=F -mP2OPT_align_option_used=TRUE -mGLOB_gcc_version=930 "-mGLOB_options_string=-v -o cmTC_4972c" -mGLOB_cxx_limited_range=FALSE -mCG_extend_parms=FALSE -mGLOB_compiler_bin_directory=/opt/intel/compilers_and_libraries_2020.2.254/linux/bin/intel64 -mGLOB_as_output_backup_file_name=/tmp/icpc4EwS7Zas_.s -mGLOB_dashboard_use_source_name -mIPOPT_activate -mGLOB_product_id_code=0x22006d90 -mP3OPT_use_mspp_call_convention -mP2OPT_subs_out_of_bound=FALSE -mP2OPT_disam_type_based_disam=2 -mP2OPT_disam_assume_ansi_c -mP2OPT_checked_disam_ansi_alias=TRUE -mGLOB_ansi_alias -mPGOPTI_value_profile_use=T -mGLOB_opt_report_use_source_name -mP2OPT_il0_array_sections=TRUE -mGLOB_offload_mode=1 -mP2OPT_offload_unique_var_string=icpc11192239159BcG62 -mP2OPT_hlo -mP2OPT_hpo_rtt_control=0 -mIPOPT_args_in_regs=0 -mP2OPT_disam_assume_nonstd_intent_in=FALSE -mGLOB_imf_mapping_library=/opt/intel/compilers_and_libraries_2020.2.254/linux/bin/intel64/libiml_attr.so -mPGOPTI_gen_threadsafe_level=0 -mIPOPT_link -mIPOPT_ipo_activate -mIPOPT_mo_activate -mIPOPT_source_files_list=/tmp/icpcslis9f4GZ1 -mIPOPT_mo_global_data -mIPOPT_link_script_file=/tmp/icpcscriptOEgTy2 "-mIPOPT_cmdline_link="/usr/lib/gcc/x86_64-linux-gnu/9/../../../x86_64-linux-gnu/Scrt1.o" "/usr/lib/gcc/x86_64-linux-gnu/9/../../../x86_64-linux-gnu/crti.o" "/usr/lib/gcc/x86_64-linux-gnu/9/crtbeginS.o" "--eh-frame-hdr" "--build-id" "-dynamic-linker" "/lib64/ld-linux-x86-64.so.2" "-m" "elf_x86_64" "-o" "cmTC_4972c" "-L/opt/intel/compilers_and_libraries_2020.2.254/linux/mpi/intel64/libfabric/lib" "-L/opt/intel/compilers_and_libraries_2020.2.254/linux/ipp/lib/intel64" "-L/opt/intel/compilers_and_libraries_2020.2.254/linux/compiler/lib/intel64_lin" "-L/opt/intel/compilers_and_libraries_2020.2.254/linux/mkl/lib/intel64_lin" "-L/opt/intel/compilers_and_libraries_2020.2.254/linux/tbb/lib/intel64/gcc4.8" "-L/opt/intel/compilers_and_libraries_2020.2.254/linux/tbb/lib/intel64/gcc4.8" "-L/opt/intel/compilers_and_libraries_2020.2.254/linux/daal/lib/intel64_lin" "-L/opt/intel/compilers_and_libraries_2020.2.254/linux/daal/../tbb/lib/intel64_lin/gcc4.4" "-L/opt/intel/compilers_and_libraries_2020.2.254/linux/daal/../tbb/lib/intel64_lin/gcc4.8" "-L/opt/intel/compilers_and_libraries_2020.2.254/linux/compiler/lib/intel64_lin" "-L/opt/intel/compilers_and_libraries_2020.2.254/linux/mpi/intel64/libfabric/lib/../lib/" "-L/usr/lib/gcc/x86_64-linux-gnu/9/" "-L/usr/lib/gcc/x86_64-linux-gnu/9/../../../x86_64-linux-gnu/" "-L/usr/lib/gcc/x86_64-linux-gnu/9/../../../../lib64" "-L/usr/lib/gcc/x86_64-linux-gnu/9/../../../../lib/" "-L/lib/x86_64-linux-gnu/" "-L/lib/../lib64" "-L/lib/../lib/" "-L/usr/lib/x86_64-linux-gnu/" "-L/usr/lib/../lib64" "-L/usr/lib/../lib/" "-L/opt/intel/compilers_and_libraries_2020.2.254/linux/mpi/intel64/libfabric/lib/" "-L/opt/intel/compilers_and_libraries_2020.2.254/linux/ipp/lib/intel64/" "-L/opt/intel/compilers_and_libraries_2020.2.254/linux/compiler/lib/intel64_lin/" "-L/opt/intel/compilers_and_libraries_2020.2.254/linux/mkl/lib/intel64_lin/" "-L/opt/intel/compilers_and_libraries_2020.2.254/linux/tbb/lib/intel64/gcc4.8/" "-L/opt/intel/compilers_and_libraries_2020.2.254/linux/daal/lib/intel64_lin/" "-L/opt/intel/compilers_and_libraries_2020.2.254/linux/daal/../tbb/lib/intel64_lin/gcc4.8/" "-L/usr/lib/gcc/x86_64-linux-gnu/9/../../../" "-L/lib64" "-L/lib/" "-L/usr/lib64" "-L/usr/lib" "-L/usr/lib/i386-linux-gnu" "CMakeFiles/cmTC_4972c.dir/CMakeCXXCompilerABI.cpp.o" "-Bdynamic" "-Bstatic" "-limf" "-lsvml" "-lirng" "-Bdynamic" "-lstdc++" "-lm" "-Bstatic" "-lipgo" "-ldecimal" "--as-needed" "-Bdynamic" "-lcilkrts" "--no-as-needed" "-lstdc++" "-lgcc" "-lgcc_s" "-Bstatic" "-lirc" "-lsvml" "-Bdynamic" "-lc" "-lgcc" "-lgcc_s" "-Bstatic" "-lirc_s" "-Bdynamic" "-ldl" "-lc" "/usr/lib/gcc/x86_64-linux-gnu/9/crtendS.o" "/usr/lib/gcc/x86_64-linux-gnu/9/../../../x86_64-linux-gnu/crtn.o"" -mIPOPT_il_in_obj -mIPOPT_ipo_activate_warn=FALSE -mIPOPT_obj_output_file_name=/tmp/ipo_icpcEuyhl2.o -mIPOPT_whole_archive_fixup_file_name=/tmp/icpcwarchC3q6j4 -mGLOB_linker_version=2.34 -mGLOB_linker=ld -mGLOB_driver_tempfile_name=/tmp/icpctempfilenoifg3 -mP3OPT_asm_target=P3OPT_ASM_TARGET_GAS -mGLOB_async_unwind_tables=TRUE -mGLOB_obj_output_file=/tmp/ipo_icpcEuyhl2.o -mGLOB_source_dialect=GLOB_SOURCE_DIALECT_NONE -mP1OPT_source_file_name=ipo_out.c CMakeFiles/cmTC_4972c.dir/CMakeCXXCompilerABI.cpp.o -mIPOPT_object_files=T -mIPOPT_assembly_files=/tmp/icpcalisiYG9P0 -mIPOPT_generated_tempfiles=/tmp/icpcelis47tfUZ -mIPOPT_embedded_object_base_name=/tmp/icpceobj1xUE93 -mIPOPT_cmdline_link_new_name=/tmp/icpcllisWxcEI1
ld    /usr/lib/gcc/x86_64-linux-gnu/9/../../../x86_64-linux-gnu/Scrt1.o /usr/lib/gcc/x86_64-linux-gnu/9/../../../x86_64-linux-gnu/crti.o /usr/lib/gcc/x86_64-linux-gnu/9/crtbeginS.o --eh-frame-hdr --build-id -dynamic-linker /lib64/ld-linux-x86-64.so.2 -m elf_x86_64 -o cmTC_4972c -L/opt/intel/compilers_and_libraries_2020.2.254/linux/mpi/intel64/libfabric/lib -L/opt/intel/compilers_and_libraries_2020.2.254/linux/ipp/lib/intel64 -L/opt/intel/compilers_and_libraries_2020.2.254/linux/compiler/lib/intel64_lin -L/opt/intel/compilers_and_libraries_2020.2.254/linux/mkl/lib/intel64_lin -L/opt/intel/compilers_and_libraries_2020.2.254/linux/tbb/lib/intel64/gcc4.8 -L/opt/intel/compilers_and_libraries_2020.2.254/linux/tbb/lib/intel64/gcc4.8 -L/opt/intel/compilers_and_libraries_2020.2.254/linux/daal/lib/intel64_lin -L/opt/intel/compilers_and_libraries_2020.2.254/linux/daal/../tbb/lib/intel64_lin/gcc4.4 -L/opt/intel/compilers_and_libraries_2020.2.254/linux/daal/../tbb/lib/intel64_lin/gcc4.8 -L/opt/intel/compilers_and_libraries_2020.2.254/linux/compiler/lib/intel64_lin -L/opt/intel/compilers_and_libraries_2020.2.254/linux/mpi/intel64/libfabric/lib/../lib/ -L/usr/lib/gcc/x86_64-linux-gnu/9/ -L/usr/lib/gcc/x86_64-linux-gnu/9/../../../x86_64-linux-gnu/ -L/usr/lib/gcc/x86_64-linux-gnu/9/../../../../lib64 -L/usr/lib/gcc/x86_64-linux-gnu/9/../../../../lib/ -L/lib/x86_64-linux-gnu/ -L/lib/../lib64 -L/lib/../lib/ -L/usr/lib/x86_64-linux-gnu/ -L/usr/lib/../lib64 -L/usr/lib/../lib/ -L/opt/intel/compilers_and_libraries_2020.2.254/linux/mpi/intel64/libfabric/lib/ -L/opt/intel/compilers_and_libraries_2020.2.254/linux/ipp/lib/intel64/ -L/opt/intel/compilers_and_libraries_2020.2.254/linux/compiler/lib/intel64_lin/ -L/opt/intel/compilers_and_libraries_2020.2.254/linux/mkl/lib/intel64_lin/ -L/opt/intel/compilers_and_libraries_2020.2.254/linux/tbb/lib/intel64/gcc4.8/ -L/opt/intel/compilers_and_libraries_2020.2.254/linux/daal/lib/intel64_lin/ -L/opt/intel/compilers_and_libraries_2020.2.254/linux/daal/../tbb/lib/intel64_lin/gcc4.8/ -L/usr/lib/gcc/x86_64-linux-gnu/9/../../../ -L/lib64 -L/lib/ -L/usr/lib64 -L/usr/lib -L/usr/lib/i386-linux-gnu CMakeFiles/cmTC_4972c.dir/CMakeCXXCompilerABI.cpp.o -Bdynamic -Bstatic -limf -lsvml -lirng -Bdynamic -lstdc++ -lm -Bstatic -lipgo -ldecimal --as-needed -Bdynamic -lcilkrts --no-as-needed -lstdc++ -lgcc -lgcc_s -Bstatic -lirc -lsvml -Bdynamic -lc -lgcc -lgcc_s -Bstatic -lirc_s -Bdynamic -ldl -lc /usr/lib/gcc/x86_64-linux-gnu/9/crtendS.o /usr/lib/gcc/x86_64-linux-gnu/9/../../../x86_64-linux-gnu/crtn.o
make[1]: Leaving directory '/home/dante/dev/NilDa/build/CMakeFiles/CMakeTmp'



Parsed CXX implicit include dir info from above output: rv=done
  found start of include info
  found start of implicit include info
    add: [/opt/intel/compilers_and_libraries_2020.2.254/linux/pstl/include]
    add: [/opt/intel/compilers_and_libraries_2020.2.254/linux/ipp/include]
    add: [/opt/intel/compilers_and_libraries_2020.2.254/linux/mkl/include]
    add: [/opt/intel/compilers_and_libraries_2020.2.254/linux/pstl/include]
    add: [/opt/intel/compilers_and_libraries_2020.2.254/linux/pstl/stdlib]
    add: [/opt/intel/compilers_and_libraries_2020.2.254/linux/tbb/include]
    add: [/opt/intel/compilers_and_libraries_2020.2.254/linux/tbb/include]
    add: [/opt/intel/compilers_and_libraries_2020.2.254/linux/daal/include]
    add: [/opt/intel/compilers_and_libraries_2020.2.254/linux/compiler/include/intel64]
    add: [/opt/intel/compilers_and_libraries_2020.2.254/linux/compiler/include/icc]
    add: [/opt/intel/compilers_and_libraries_2020.2.254/linux/compiler/include]
    add: [/usr/include/c++/9]
    add: [/usr/include/c++/9/backward]
    add: [/usr/local/include]
    add: [/usr/lib/gcc/x86_64-linux-gnu/9/include]
    add: [/usr/include/]
    add: [/usr/include]
    add: [/usr/include/x86_64-linux-gnu]
    add: [/usr/include/x86_64-linux-gnu/c++/9]
  end of search list found
  collapse include dir [/opt/intel/compilers_and_libraries_2020.2.254/linux/pstl/include] ==> [/opt/intel/compilers_and_libraries_2020.2.254/linux/pstl/include]
  collapse include dir [/opt/intel/compilers_and_libraries_2020.2.254/linux/ipp/include] ==> [/opt/intel/compilers_and_libraries_2020.2.254/linux/ipp/include]
  collapse include dir [/opt/intel/compilers_and_libraries_2020.2.254/linux/mkl/include] ==> [/opt/intel/compilers_and_libraries_2020.2.254/linux/mkl/include]
  collapse include dir [/opt/intel/compilers_and_libraries_2020.2.254/linux/pstl/include] ==> [/opt/intel/compilers_and_libraries_2020.2.254/linux/pstl/include]
  collapse include dir [/opt/intel/compilers_and_libraries_2020.2.254/linux/pstl/stdlib] ==> [/opt/intel/compilers_and_libraries_2020.2.254/linux/pstl/stdlib]
  collapse include dir [/opt/intel/compilers_and_libraries_2020.2.254/linux/tbb/include] ==> [/opt/intel/compilers_and_libraries_2020.2.254/linux/tbb/include]
  collapse include dir [/opt/intel/compilers_and_libraries_2020.2.254/linux/tbb/include] ==> [/opt/intel/compilers_and_libraries_2020.2.254/linux/tbb/include]
  collapse include dir [/opt/intel/compilers_and_libraries_2020.2.254/linux/daal/include] ==> [/opt/intel/compilers_and_libraries_2020.2.254/linux/daal/include]
  collapse include dir [/opt/intel/compilers_and_libraries_2020.2.254/linux/compiler/include/intel64] ==> [/opt/intel/compilers_and_libraries_2020.2.254/linux/compiler/include/intel64]
  collapse include dir [/opt/intel/compilers_and_libraries_2020.2.254/linux/compiler/include/icc] ==> [/opt/intel/compilers_and_libraries_2020.2.254/linux/compiler/include/icc]
  collapse include dir [/opt/intel/compilers_and_libraries_2020.2.254/linux/compiler/include] ==> [/opt/intel/compilers_and_libraries_2020.2.254/linux/compiler/include]
  collapse include dir [/usr/include/c++/9] ==> [/usr/include/c++/9]
  collapse include dir [/usr/include/c++/9/backward] ==> [/usr/include/c++/9/backward]
  collapse include dir [/usr/local/include] ==> [/usr/local/include]
  collapse include dir [/usr/lib/gcc/x86_64-linux-gnu/9/include] ==> [/usr/lib/gcc/x86_64-linux-gnu/9/include]
  collapse include dir [/usr/include/] ==> [/usr/include]
  collapse include dir [/usr/include] ==> [/usr/include]
  collapse include dir [/usr/include/x86_64-linux-gnu] ==> [/usr/include/x86_64-linux-gnu]
  collapse include dir [/usr/include/x86_64-linux-gnu/c++/9] ==> [/usr/include/x86_64-linux-gnu/c++/9]
  implicit include dirs: [/opt/intel/compilers_and_libraries_2020.2.254/linux/pstl/include;/opt/intel/compilers_and_libraries_2020.2.254/linux/ipp/include;/opt/intel/compilers_and_libraries_2020.2.254/linux/mkl/include;/opt/intel/compilers_and_libraries_2020.2.254/linux/pstl/stdlib;/opt/intel/compilers_and_libraries_2020.2.254/linux/tbb/include;/opt/intel/compilers_and_libraries_2020.2.254/linux/daal/include;/opt/intel/compilers_and_libraries_2020.2.254/linux/compiler/include/intel64;/opt/intel/compilers_and_libraries_2020.2.254/linux/compiler/include/icc;/opt/intel/compilers_and_libraries_2020.2.254/linux/compiler/include;/usr/include/c++/9;/usr/include/c++/9/backward;/usr/local/include;/usr/lib/gcc/x86_64-linux-gnu/9/include;/usr/include;/usr/include/x86_64-linux-gnu;/usr/include/x86_64-linux-gnu/c++/9]


Parsed CXX implicit link information from above output:
  link line regex: [^( *|.*[/\])(ld|CMAKE_LINK_STARTFILE-NOTFOUND|([^/\]+-)?ld|collect2)[^/\]*( |$)]
  ignore line: [Change Dir: /home/dante/dev/NilDa/build/CMakeFiles/CMakeTmp]
  ignore line: []
  ignore line: [Run Build Command(s):/usr/bin/make cmTC_4972c/fast && /usr/bin/make  -f CMakeFiles/cmTC_4972c.dir/build.make CMakeFiles/cmTC_4972c.dir/build]
  ignore line: [make[1]: Entering directory '/home/dante/dev/NilDa/build/CMakeFiles/CMakeTmp']
  ignore line: [Building CXX object CMakeFiles/cmTC_4972c.dir/CMakeCXXCompilerABI.cpp.o]
  ignore line: [/opt/intel/compilers_and_libraries_2020.2.254/linux/bin/intel64/icpc   -v -o CMakeFiles/cmTC_4972c.dir/CMakeCXXCompilerABI.cpp.o -c /snap/cmake/487/share/cmake-3.18/Modules/CMakeCXXCompilerABI.cpp]
  ignore line: [icpc version 19.1.2.254 (gcc version 9.3.0 compatibility)]
  ignore line: [/opt/intel/compilers_and_libraries_2020.2.254/linux/bin/intel64/mcpcom    --target_efi2 --lang=c++ -_g -mP3OPT_inline_alloca -D__ICC=1910 -D__INTEL_COMPILER=1910 -D__INTEL_COMPILER_UPDATE=2 -D__PTRDIFF_TYPE__=long "-D__SIZE_TYPE__=unsigned long" -D__WCHAR_TYPE__=int "-D__WINT_TYPE__=unsigned int" "-D__INTMAX_TYPE__=long int" "-D__UINTMAX_TYPE__=long unsigned int" -D__GLIBCXX_TYPE_INT_N_0=__int128 -D__GLIBCXX_BITSIZE_INT_N_0=128 -D__LONG_MAX__=9223372036854775807L -D__QMSPP_ -D__OPTIMIZE__ -D__NO_MATH_INLINES -D__NO_STRING_INLINES -D__GNUC_GNU_INLINE__ -D__GNUG__=9 -D__GNUC__=9 -D__GNUC_MINOR__=3 -D__GNUC_PATCHLEVEL__=0 -D__LP64__ -D_LP64 -D_GNU_SOURCE=1 -D__DEPRECATED=1 -D__GXX_WEAK__=1 -D__GXX_ABI_VERSION=1010 "-D__USER_LABEL_PREFIX__= " -D__REGISTER_PREFIX__= -D__INTEL_RTTI__ -D__EXCEPTIONS=1 -D__unix__ -D__unix -D__linux__ -D__linux -D__gnu_linux__ -B -Dunix -Dlinux "-_Asystem(unix)" -D__ELF__ -D__x86_64 -D__x86_64__ -D__amd64 -D__amd64__ "-_Acpu(x86_64)" "-_Amachine(x86_64)" -D__INTEL_COMPILER_BUILD_DATE=20200623 -D__INTEL_OFFLOAD -D__MMX__ -D__SSE__ -D__SSE_MATH__ -D__SSE2__ -D__SSE2_MATH__ -D__pentium4 -D__pentium4__ -D__tune_pentium4__ -_k -_8 -_l --has_new_stdarg_support -_a -_b --gnu_version=90300 -_W5 -p --bool -tused -x --openmp_simd --multibyte_chars -mGLOB_diag_suppress_sys --system_preinclude /usr/include/stdc-predef.h -I/opt/intel/compilers_and_libraries_2020.2.254/linux/pstl/include -I/opt/intel/compilers_and_libraries_2020.2.254/linux/ipp/include -I/opt/intel/compilers_and_libraries_2020.2.254/linux/mkl/include -I/opt/intel/compilers_and_libraries_2020.2.254/linux/pstl/include -I/opt/intel/compilers_and_libraries_2020.2.254/linux/pstl/stdlib -I/opt/intel/compilers_and_libraries_2020.2.254/linux/tbb/include -I/opt/intel/compilers_and_libraries_2020.2.254/linux/tbb/include -I/opt/intel/compilers_and_libraries_2020.2.254/linux/daal/include --array_section --simd --simd_func --offload_mode=1 --offload_target_names=mic MIC --offload_unique_string=icpc0642494347uOSwhf --bool -mGLOB_em64t=TRUE -mP1OPT_version=19.1-intel64 -mGLOB_diag_file=CMakeFiles/cmTC_4972c.dir/CMakeCXXCompilerABI.cpp.diag -mGLOB_long_size_64 -mGLOB_routine_pointer_size_64 -mP1OPT_print_version=FALSE -mCG_use_gas_got_workaround=F -mP2OPT_align_option_used=TRUE -mGLOB_gcc_version=930 "-mGLOB_options_string=-v -o CMakeFiles/cmTC_4972c.dir/CMakeCXXCompilerABI.cpp.o -c" -mGLOB_cxx_limited_range=FALSE -mCG_extend_parms=FALSE -mGLOB_compiler_bin_directory=/opt/intel/compilers_and_libraries_2020.2.254/linux/bin/intel64 -mGLOB_as_output_backup_file_name=/tmp/icpcxQtRBfas_.s -mIPOPT_activate -mIPOPT_lite -mGLOB_uarch_tuning=0x0 -mGLOB_product_id_code=0x22006d90 -mCG_bnl_movbe=T -mP3OPT_use_mspp_call_convention -mP2OPT_subs_out_of_bound=FALSE -mP2OPT_disam_type_based_disam=2 -mP2OPT_disam_assume_ansi_c -mP2OPT_checked_disam_ansi_alias=TRUE -mGLOB_ansi_alias -mPGOPTI_value_profile_use=T -mP2OPT_il0_array_sections=TRUE -mGLOB_offload_mode=1 -mP2OPT_offload_unique_var_string=icpc0642494347uOSwhf -mP2OPT_hlo_level=2 -mP2OPT_hlo -mP2OPT_hpo_rtt_control=0 -mIPOPT_args_in_regs=0 -mP2OPT_disam_assume_nonstd_intent_in=FALSE -mGLOB_imf_mapping_library=/opt/intel/compilers_and_libraries_2020.2.254/linux/bin/intel64/libiml_attr.so -mPGOPTI_gen_threadsafe_level=0 -mIPOPT_lto_object_enabled -mIPOPT_lto_object_value=1 -mIPOPT_obj_output_file_name=CMakeFiles/cmTC_4972c.dir/CMakeCXXCompilerABI.cpp.o -mIPOPT_whole_archive_fixup_file_name=/tmp/icpcwarchwU80Gi -mGLOB_linker_version=2.34 -mGLOB_linker=ld -mGLOB_driver_tempfile_name=/tmp/icpctempfiled1dbeh -mP3OPT_asm_target=P3OPT_ASM_TARGET_GAS -mGLOB_async_unwind_tables=TRUE -mGLOB_obj_output_file=CMakeFiles/cmTC_4972c.dir/CMakeCXXCompilerABI.cpp.o -mGLOB_source_dialect=GLOB_SOURCE_DIALECT_C_PLUS_PLUS -mP1OPT_source_file_name=/snap/cmake/487/share/cmake-3.18/Modules/CMakeCXXCompilerABI.cpp -mP1OPT_full_source_file_name=/snap/cmake/487/share/cmake-3.18/Modules/CMakeCXXCompilerABI.cpp -mGLOB_eh_linux /snap/cmake/487/share/cmake-3.18/Modules/CMakeCXXCompilerABI.cpp]
  ignore line: [#include "..." search starts here:]
  ignore line: [#include <...> search starts here:]
  ignore line: [ /opt/intel/compilers_and_libraries_2020.2.254/linux/pstl/include]
  ignore line: [ /opt/intel/compilers_and_libraries_2020.2.254/linux/ipp/include]
  ignore line: [ /opt/intel/compilers_and_libraries_2020.2.254/linux/mkl/include]
  ignore line: [ /opt/intel/compilers_and_libraries_2020.2.254/linux/pstl/include]
  ignore line: [ /opt/intel/compilers_and_libraries_2020.2.254/linux/pstl/stdlib]
  ignore line: [ /opt/intel/compilers_and_libraries_2020.2.254/linux/tbb/include]
  ignore line: [ /opt/intel/compilers_and_libraries_2020.2.254/linux/tbb/include]
  ignore line: [ /opt/intel/compilers_and_libraries_2020.2.254/linux/daal/include]
  ignore line: [ /opt/intel/compilers_and_libraries_2020.2.254/linux/compiler/include/intel64]
  ignore line: [ /opt/intel/compilers_and_libraries_2020.2.254/linux/compiler/include/icc]
  ignore line: [ /opt/intel/compilers_and_libraries_2020.2.254/linux/compiler/include]
  ignore line: [ /usr/include/c++/9]
  ignore line: [ /usr/include/c++/9/backward]
  ignore line: [ /usr/local/include]
  ignore line: [ /usr/lib/gcc/x86_64-linux-gnu/9/include]
  ignore line: [ /usr/include/]
  ignore line: [ /usr/include]
  ignore line: [ /usr/include/x86_64-linux-gnu]
  ignore line: [ /usr/include/x86_64-linux-gnu/c++/9]
  ignore line: [End of search list.]
  ignore line: [Linking CXX executable cmTC_4972c]
  ignore line: [/snap/cmake/487/bin/cmake -E cmake_link_script CMakeFiles/cmTC_4972c.dir/link.txt --verbose=1]
  ignore line: [/opt/intel/compilers_and_libraries_2020.2.254/linux/bin/intel64/icpc  -v CMakeFiles/cmTC_4972c.dir/CMakeCXXCompilerABI.cpp.o -o cmTC_4972c ]
  ignore line: [icpc version 19.1.2.254 (gcc version 9.3.0 compatibility)]
  ignore line: [/opt/intel/compilers_and_libraries_2020.2.254/linux/bin/intel64/mcpcom    -mGLOB_em64t=TRUE -mP1OPT_version=19.1-intel64 -mGLOB_diag_file=CMakeFiles/cmTC_4972c.dir/CMakeCXXCompilerABI.cpp.diag -mGLOB_long_size_64 -mGLOB_routine_pointer_size_64 -mP1OPT_print_version=FALSE -mCG_use_gas_got_workaround=F -mP2OPT_align_option_used=TRUE -mGLOB_gcc_version=930 "-mGLOB_options_string=-v -o cmTC_4972c" -mGLOB_cxx_limited_range=FALSE -mCG_extend_parms=FALSE -mGLOB_compiler_bin_directory=/opt/intel/compilers_and_libraries_2020.2.254/linux/bin/intel64 -mGLOB_as_output_backup_file_name=/tmp/icpc4EwS7Zas_.s -mGLOB_dashboard_use_source_name -mIPOPT_activate -mGLOB_product_id_code=0x22006d90 -mP3OPT_use_mspp_call_convention -mP2OPT_subs_out_of_bound=FALSE -mP2OPT_disam_type_based_disam=2 -mP2OPT_disam_assume_ansi_c -mP2OPT_checked_disam_ansi_alias=TRUE -mGLOB_ansi_alias -mPGOPTI_value_profile_use=T -mGLOB_opt_report_use_source_name -mP2OPT_il0_array_sections=TRUE -mGLOB_offload_mode=1 -mP2OPT_offload_unique_var_string=icpc11192239159BcG62 -mP2OPT_hlo -mP2OPT_hpo_rtt_control=0 -mIPOPT_args_in_regs=0 -mP2OPT_disam_assume_nonstd_intent_in=FALSE -mGLOB_imf_mapping_library=/opt/intel/compilers_and_libraries_2020.2.254/linux/bin/intel64/libiml_attr.so -mPGOPTI_gen_threadsafe_level=0 -mIPOPT_link -mIPOPT_ipo_activate -mIPOPT_mo_activate -mIPOPT_source_files_list=/tmp/icpcslis9f4GZ1 -mIPOPT_mo_global_data -mIPOPT_link_script_file=/tmp/icpcscriptOEgTy2 "-mIPOPT_cmdline_link="/usr/lib/gcc/x86_64-linux-gnu/9/../../../x86_64-linux-gnu/Scrt1.o" "/usr/lib/gcc/x86_64-linux-gnu/9/../../../x86_64-linux-gnu/crti.o" "/usr/lib/gcc/x86_64-linux-gnu/9/crtbeginS.o" "--eh-frame-hdr" "--build-id" "-dynamic-linker" "/lib64/ld-linux-x86-64.so.2" "-m" "elf_x86_64" "-o" "cmTC_4972c" "-L/opt/intel/compilers_and_libraries_2020.2.254/linux/mpi/intel64/libfabric/lib" "-L/opt/intel/compilers_and_libraries_2020.2.254/linux/ipp/lib/intel64" "-L/opt/intel/compilers_and_libraries_2020.2.254/linux/compiler/lib/intel64_lin" "-L/opt/intel/compilers_and_libraries_2020.2.254/linux/mkl/lib/intel64_lin" "-L/opt/intel/compilers_and_libraries_2020.2.254/linux/tbb/lib/intel64/gcc4.8" "-L/opt/intel/compilers_and_libraries_2020.2.254/linux/tbb/lib/intel64/gcc4.8" "-L/opt/intel/compilers_and_libraries_2020.2.254/linux/daal/lib/intel64_lin" "-L/opt/intel/compilers_and_libraries_2020.2.254/linux/daal/../tbb/lib/intel64_lin/gcc4.4" "-L/opt/intel/compilers_and_libraries_2020.2.254/linux/daal/../tbb/lib/intel64_lin/gcc4.8" "-L/opt/intel/compilers_and_libraries_2020.2.254/linux/compiler/lib/intel64_lin" "-L/opt/intel/compilers_and_libraries_2020.2.254/linux/mpi/intel64/libfabric/lib/../lib/" "-L/usr/lib/gcc/x86_64-linux-gnu/9/" "-L/usr/lib/gcc/x86_64-linux-gnu/9/../../../x86_64-linux-gnu/" "-L/usr/lib/gcc/x86_64-linux-gnu/9/../../../../lib64" "-L/usr/lib/gcc/x86_64-linux-gnu/9/../../../../lib/" "-L/lib/x86_64-linux-gnu/" "-L/lib/../lib64" "-L/lib/../lib/" "-L/usr/lib/x86_64-linux-gnu/" "-L/usr/lib/../lib64" "-L/usr/lib/../lib/" "-L/opt/intel/compilers_and_libraries_2020.2.254/linux/mpi/intel64/libfabric/lib/" "-L/opt/intel/compilers_and_libraries_2020.2.254/linux/ipp/lib/intel64/" "-L/opt/intel/compilers_and_libraries_2020.2.254/linux/compiler/lib/intel64_lin/" "-L/opt/intel/compilers_and_libraries_2020.2.254/linux/mkl/lib/intel64_lin/" "-L/opt/intel/compilers_and_libraries_2020.2.254/linux/tbb/lib/intel64/gcc4.8/" "-L/opt/intel/compilers_and_libraries_2020.2.254/linux/daal/lib/intel64_lin/" "-L/opt/intel/compilers_and_libraries_2020.2.254/linux/daal/../tbb/lib/intel64_lin/gcc4.8/" "-L/usr/lib/gcc/x86_64-linux-gnu/9/../../../" "-L/lib64" "-L/lib/" "-L/usr/lib64" "-L/usr/lib" "-L/usr/lib/i386-linux-gnu" "CMakeFiles/cmTC_4972c.dir/CMakeCXXCompilerABI.cpp.o" "-Bdynamic" "-Bstatic" "-limf" "-lsvml" "-lirng" "-Bdynamic" "-lstdc++" "-lm" "-Bstatic" "-lipgo" "-ldecimal" "--as-needed" "-Bdynamic" "-lcilkrts" "--no-as-needed" "-lstdc++" "-lgcc" "-lgcc_s" "-Bstatic" "-lirc" "-lsvml" "-Bdynamic" "-lc" "-lgcc" "-lgcc_s" "-Bstatic" "-lirc_s" "-Bdynamic" "-ldl" "-lc" "/usr/lib/gcc/x86_64-linux-gnu/9/crtendS.o" "/usr/lib/gcc/x86_64-linux-gnu/9/../../../x86_64-linux-gnu/crtn.o"" -mIPOPT_il_in_obj -mIPOPT_ipo_activate_warn=FALSE -mIPOPT_obj_output_file_name=/tmp/ipo_icpcEuyhl2.o -mIPOPT_whole_archive_fixup_file_name=/tmp/icpcwarchC3q6j4 -mGLOB_linker_version=2.34 -mGLOB_linker=ld -mGLOB_driver_tempfile_name=/tmp/icpctempfilenoifg3 -mP3OPT_asm_target=P3OPT_ASM_TARGET_GAS -mGLOB_async_unwind_tables=TRUE -mGLOB_obj_output_file=/tmp/ipo_icpcEuyhl2.o -mGLOB_source_dialect=GLOB_SOURCE_DIALECT_NONE -mP1OPT_source_file_name=ipo_out.c CMakeFiles/cmTC_4972c.dir/CMakeCXXCompilerABI.cpp.o -mIPOPT_object_files=T -mIPOPT_assembly_files=/tmp/icpcalisiYG9P0 -mIPOPT_generated_tempfiles=/tmp/icpcelis47tfUZ -mIPOPT_embedded_object_base_name=/tmp/icpceobj1xUE93 -mIPOPT_cmdline_link_new_name=/tmp/icpcllisWxcEI1]
  link line: [ld    /usr/lib/gcc/x86_64-linux-gnu/9/../../../x86_64-linux-gnu/Scrt1.o /usr/lib/gcc/x86_64-linux-gnu/9/../../../x86_64-linux-gnu/crti.o /usr/lib/gcc/x86_64-linux-gnu/9/crtbeginS.o --eh-frame-hdr --build-id -dynamic-linker /lib64/ld-linux-x86-64.so.2 -m elf_x86_64 -o cmTC_4972c -L/opt/intel/compilers_and_libraries_2020.2.254/linux/mpi/intel64/libfabric/lib -L/opt/intel/compilers_and_libraries_2020.2.254/linux/ipp/lib/intel64 -L/opt/intel/compilers_and_libraries_2020.2.254/linux/compiler/lib/intel64_lin -L/opt/intel/compilers_and_libraries_2020.2.254/linux/mkl/lib/intel64_lin -L/opt/intel/compilers_and_libraries_2020.2.254/linux/tbb/lib/intel64/gcc4.8 -L/opt/intel/compilers_and_libraries_2020.2.254/linux/tbb/lib/intel64/gcc4.8 -L/opt/intel/compilers_and_libraries_2020.2.254/linux/daal/lib/intel64_lin -L/opt/intel/compilers_and_libraries_2020.2.254/linux/daal/../tbb/lib/intel64_lin/gcc4.4 -L/opt/intel/compilers_and_libraries_2020.2.254/linux/daal/../tbb/lib/intel64_lin/gcc4.8 -L/opt/intel/compilers_and_libraries_2020.2.254/linux/compiler/lib/intel64_lin -L/opt/intel/compilers_and_libraries_2020.2.254/linux/mpi/intel64/libfabric/lib/../lib/ -L/usr/lib/gcc/x86_64-linux-gnu/9/ -L/usr/lib/gcc/x86_64-linux-gnu/9/../../../x86_64-linux-gnu/ -L/usr/lib/gcc/x86_64-linux-gnu/9/../../../../lib64 -L/usr/lib/gcc/x86_64-linux-gnu/9/../../../../lib/ -L/lib/x86_64-linux-gnu/ -L/lib/../lib64 -L/lib/../lib/ -L/usr/lib/x86_64-linux-gnu/ -L/usr/lib/../lib64 -L/usr/lib/../lib/ -L/opt/intel/compilers_and_libraries_2020.2.254/linux/mpi/intel64/libfabric/lib/ -L/opt/intel/compilers_and_libraries_2020.2.254/linux/ipp/lib/intel64/ -L/opt/intel/compilers_and_libraries_2020.2.254/linux/compiler/lib/intel64_lin/ -L/opt/intel/compilers_and_libraries_2020.2.254/linux/mkl/lib/intel64_lin/ -L/opt/intel/compilers_and_libraries_2020.2.254/linux/tbb/lib/intel64/gcc4.8/ -L/opt/intel/compilers_and_libraries_2020.2.254/linux/daal/lib/intel64_lin/ -L/opt/intel/compilers_and_libraries_2020.2.254/linux/daal/../tbb/lib/intel64_lin/gcc4.8/ -L/usr/lib/gcc/x86_64-linux-gnu/9/../../../ -L/lib64 -L/lib/ -L/usr/lib64 -L/usr/lib -L/usr/lib/i386-linux-gnu CMakeFiles/cmTC_4972c.dir/CMakeCXXCompilerABI.cpp.o -Bdynamic -Bstatic -limf -lsvml -lirng -Bdynamic -lstdc++ -lm -Bstatic -lipgo -ldecimal --as-needed -Bdynamic -lcilkrts --no-as-needed -lstdc++ -lgcc -lgcc_s -Bstatic -lirc -lsvml -Bdynamic -lc -lgcc -lgcc_s -Bstatic -lirc_s -Bdynamic -ldl -lc /usr/lib/gcc/x86_64-linux-gnu/9/crtendS.o /usr/lib/gcc/x86_64-linux-gnu/9/../../../x86_64-linux-gnu/crtn.o]
    arg [ld] ==> ignore
    arg [/usr/lib/gcc/x86_64-linux-gnu/9/../../../x86_64-linux-gnu/Scrt1.o] ==> ignore
    arg [/usr/lib/gcc/x86_64-linux-gnu/9/../../../x86_64-linux-gnu/crti.o] ==> ignore
    arg [/usr/lib/gcc/x86_64-linux-gnu/9/crtbeginS.o] ==> ignore
    arg [--eh-frame-hdr] ==> ignore
    arg [--build-id] ==> ignore
    arg [-dynamic-linker] ==> ignore
    arg [/lib64/ld-linux-x86-64.so.2] ==> ignore
    arg [-m] ==> ignore
    arg [elf_x86_64] ==> ignore
    arg [-o] ==> ignore
    arg [cmTC_4972c] ==> ignore
    arg [-L/opt/intel/compilers_and_libraries_2020.2.254/linux/mpi/intel64/libfabric/lib] ==> dir [/opt/intel/compilers_and_libraries_2020.2.254/linux/mpi/intel64/libfabric/lib]
    arg [-L/opt/intel/compilers_and_libraries_2020.2.254/linux/ipp/lib/intel64] ==> dir [/opt/intel/compilers_and_libraries_2020.2.254/linux/ipp/lib/intel64]
    arg [-L/opt/intel/compilers_and_libraries_2020.2.254/linux/compiler/lib/intel64_lin] ==> dir [/opt/intel/compilers_and_libraries_2020.2.254/linux/compiler/lib/intel64_lin]
    arg [-L/opt/intel/compilers_and_libraries_2020.2.254/linux/mkl/lib/intel64_lin] ==> dir [/opt/intel/compilers_and_libraries_2020.2.254/linux/mkl/lib/intel64_lin]
    arg [-L/opt/intel/compilers_and_libraries_2020.2.254/linux/tbb/lib/intel64/gcc4.8] ==> dir [/opt/intel/compilers_and_libraries_2020.2.254/linux/tbb/lib/intel64/gcc4.8]
    arg [-L/opt/intel/compilers_and_libraries_2020.2.254/linux/tbb/lib/intel64/gcc4.8] ==> dir [/opt/intel/compilers_and_libraries_2020.2.254/linux/tbb/lib/intel64/gcc4.8]
    arg [-L/opt/intel/compilers_and_libraries_2020.2.254/linux/daal/lib/intel64_lin] ==> dir [/opt/intel/compilers_and_libraries_2020.2.254/linux/daal/lib/intel64_lin]
    arg [-L/opt/intel/compilers_and_libraries_2020.2.254/linux/daal/../tbb/lib/intel64_lin/gcc4.4] ==> dir [/opt/intel/compilers_and_libraries_2020.2.254/linux/daal/../tbb/lib/intel64_lin/gcc4.4]
    arg [-L/opt/intel/compilers_and_libraries_2020.2.254/linux/daal/../tbb/lib/intel64_lin/gcc4.8] ==> dir [/opt/intel/compilers_and_libraries_2020.2.254/linux/daal/../tbb/lib/intel64_lin/gcc4.8]
    arg [-L/opt/intel/compilers_and_libraries_2020.2.254/linux/compiler/lib/intel64_lin] ==> dir [/opt/intel/compilers_and_libraries_2020.2.254/linux/compiler/lib/intel64_lin]
    arg [-L/opt/intel/compilers_and_libraries_2020.2.254/linux/mpi/intel64/libfabric/lib/../lib/] ==> dir [/opt/intel/compilers_and_libraries_2020.2.254/linux/mpi/intel64/libfabric/lib/../lib/]
    arg [-L/usr/lib/gcc/x86_64-linux-gnu/9/] ==> dir [/usr/lib/gcc/x86_64-linux-gnu/9/]
    arg [-L/usr/lib/gcc/x86_64-linux-gnu/9/../../../x86_64-linux-gnu/] ==> dir [/usr/lib/gcc/x86_64-linux-gnu/9/../../../x86_64-linux-gnu/]
    arg [-L/usr/lib/gcc/x86_64-linux-gnu/9/../../../../lib64] ==> dir [/usr/lib/gcc/x86_64-linux-gnu/9/../../../../lib64]
    arg [-L/usr/lib/gcc/x86_64-linux-gnu/9/../../../../lib/] ==> dir [/usr/lib/gcc/x86_64-linux-gnu/9/../../../../lib/]
    arg [-L/lib/x86_64-linux-gnu/] ==> dir [/lib/x86_64-linux-gnu/]
    arg [-L/lib/../lib64] ==> dir [/lib/../lib64]
    arg [-L/lib/../lib/] ==> dir [/lib/../lib/]
    arg [-L/usr/lib/x86_64-linux-gnu/] ==> dir [/usr/lib/x86_64-linux-gnu/]
    arg [-L/usr/lib/../lib64] ==> dir [/usr/lib/../lib64]
    arg [-L/usr/lib/../lib/] ==> dir [/usr/lib/../lib/]
    arg [-L/opt/intel/compilers_and_libraries_2020.2.254/linux/mpi/intel64/libfabric/lib/] ==> dir [/opt/intel/compilers_and_libraries_2020.2.254/linux/mpi/intel64/libfabric/lib/]
    arg [-L/opt/intel/compilers_and_libraries_2020.2.254/linux/ipp/lib/intel64/] ==> dir [/opt/intel/compilers_and_libraries_2020.2.254/linux/ipp/lib/intel64/]
    arg [-L/opt/intel/compilers_and_libraries_2020.2.254/linux/compiler/lib/intel64_lin/] ==> dir [/opt/intel/compilers_and_libraries_2020.2.254/linux/compiler/lib/intel64_lin/]
    arg [-L/opt/intel/compilers_and_libraries_2020.2.254/linux/mkl/lib/intel64_lin/] ==> dir [/opt/intel/compilers_and_libraries_2020.2.254/linux/mkl/lib/intel64_lin/]
    arg [-L/opt/intel/compilers_and_libraries_2020.2.254/linux/tbb/lib/intel64/gcc4.8/] ==> dir [/opt/intel/compilers_and_libraries_2020.2.254/linux/tbb/lib/intel64/gcc4.8/]
    arg [-L/opt/intel/compilers_and_libraries_2020.2.254/linux/daal/lib/intel64_lin/] ==> dir [/opt/intel/compilers_and_libraries_2020.2.254/linux/daal/lib/intel64_lin/]
    arg [-L/opt/intel/compilers_and_libraries_2020.2.254/linux/daal/../tbb/lib/intel64_lin/gcc4.8/] ==> dir [/opt/intel/compilers_and_libraries_2020.2.254/linux/daal/../tbb/lib/intel64_lin/gcc4.8/]
    arg [-L/usr/lib/gcc/x86_64-linux-gnu/9/../../../] ==> dir [/usr/lib/gcc/x86_64-linux-gnu/9/../../../]
    arg [-L/lib64] ==> dir [/lib64]
    arg [-L/lib/] ==> dir [/lib/]
    arg [-L/usr/lib64] ==> dir [/usr/lib64]
    arg [-L/usr/lib] ==> dir [/usr/lib]
    arg [-L/usr/lib/i386-linux-gnu] ==> dir [/usr/lib/i386-linux-gnu]
    arg [CMakeFiles/cmTC_4972c.dir/CMakeCXXCompilerABI.cpp.o] ==> ignore
    arg [-Bdynamic] ==> ignore
    arg [-Bstatic] ==> ignore
    arg [-limf] ==> lib [imf]
    arg [-lsvml] ==> lib [svml]
    arg [-lirng] ==> lib [irng]
    arg [-Bdynamic] ==> ignore
    arg [-lstdc++] ==> lib [stdc++]
    arg [-lm] ==> lib [m]
    arg [-Bstatic] ==> ignore
    arg [-lipgo] ==> lib [ipgo]
    arg [-ldecimal] ==> lib [decimal]
    arg [--as-needed] ==> ignore
    arg [-Bdynamic] ==> ignore
    arg [-lcilkrts] ==> lib [cilkrts]
    arg [--no-as-needed] ==> ignore
    arg [-lstdc++] ==> lib [stdc++]
    arg [-lgcc] ==> lib [gcc]
    arg [-lgcc_s] ==> lib [gcc_s]
    arg [-Bstatic] ==> ignore
    arg [-lirc] ==> lib [irc]
    arg [-lsvml] ==> lib [svml]
    arg [-Bdynamic] ==> ignore
    arg [-lc] ==> lib [c]
    arg [-lgcc] ==> lib [gcc]
    arg [-lgcc_s] ==> lib [gcc_s]
    arg [-Bstatic] ==> ignore
    arg [-lirc_s] ==> lib [irc_s]
    arg [-Bdynamic] ==> ignore
    arg [-ldl] ==> lib [dl]
    arg [-lc] ==> lib [c]
    arg [/usr/lib/gcc/x86_64-linux-gnu/9/crtendS.o] ==> ignore
    arg [/usr/lib/gcc/x86_64-linux-gnu/9/../../../x86_64-linux-gnu/crtn.o] ==> ignore
  collapse library dir [/opt/intel/compilers_and_libraries_2020.2.254/linux/mpi/intel64/libfabric/lib] ==> [/opt/intel/compilers_and_libraries_2020.2.254/linux/mpi/intel64/libfabric/lib]
  collapse library dir [/opt/intel/compilers_and_libraries_2020.2.254/linux/ipp/lib/intel64] ==> [/opt/intel/compilers_and_libraries_2020.2.254/linux/ipp/lib/intel64]
  collapse library dir [/opt/intel/compilers_and_libraries_2020.2.254/linux/compiler/lib/intel64_lin] ==> [/opt/intel/compilers_and_libraries_2020.2.254/linux/compiler/lib/intel64_lin]
  collapse library dir [/opt/intel/compilers_and_libraries_2020.2.254/linux/mkl/lib/intel64_lin] ==> [/opt/intel/compilers_and_libraries_2020.2.254/linux/mkl/lib/intel64_lin]
  collapse library dir [/opt/intel/compilers_and_libraries_2020.2.254/linux/tbb/lib/intel64/gcc4.8] ==> [/opt/intel/compilers_and_libraries_2020.2.254/linux/tbb/lib/intel64/gcc4.8]
  collapse library dir [/opt/intel/compilers_and_libraries_2020.2.254/linux/tbb/lib/intel64/gcc4.8] ==> [/opt/intel/compilers_and_libraries_2020.2.254/linux/tbb/lib/intel64/gcc4.8]
  collapse library dir [/opt/intel/compilers_and_libraries_2020.2.254/linux/daal/lib/intel64_lin] ==> [/opt/intel/compilers_and_libraries_2020.2.254/linux/daal/lib/intel64_lin]
  collapse library dir [/opt/intel/compilers_and_libraries_2020.2.254/linux/daal/../tbb/lib/intel64_lin/gcc4.4] ==> [/opt/intel/compilers_and_libraries_2020.2.254/linux/tbb/lib/intel64_lin/gcc4.4]
  collapse library dir [/opt/intel/compilers_and_libraries_2020.2.254/linux/daal/../tbb/lib/intel64_lin/gcc4.8] ==> [/opt/intel/compilers_and_libraries_2020.2.254/linux/tbb/lib/intel64_lin/gcc4.8]
  collapse library dir [/opt/intel/compilers_and_libraries_2020.2.254/linux/compiler/lib/intel64_lin] ==> [/opt/intel/compilers_and_libraries_2020.2.254/linux/compiler/lib/intel64_lin]
  collapse library dir [/opt/intel/compilers_and_libraries_2020.2.254/linux/mpi/intel64/libfabric/lib/../lib/] ==> [/opt/intel/compilers_and_libraries_2020.2.254/linux/mpi/intel64/libfabric/lib]
  collapse library dir [/usr/lib/gcc/x86_64-linux-gnu/9/] ==> [/usr/lib/gcc/x86_64-linux-gnu/9]
  collapse library dir [/usr/lib/gcc/x86_64-linux-gnu/9/../../../x86_64-linux-gnu/] ==> [/usr/lib/x86_64-linux-gnu]
  collapse library dir [/usr/lib/gcc/x86_64-linux-gnu/9/../../../../lib64] ==> [/usr/lib64]
  collapse library dir [/usr/lib/gcc/x86_64-linux-gnu/9/../../../../lib/] ==> [/usr/lib]
  collapse library dir [/lib/x86_64-linux-gnu/] ==> [/lib/x86_64-linux-gnu]
  collapse library dir [/lib/../lib64] ==> [/lib64]
  collapse library dir [/lib/../lib/] ==> [/lib]
  collapse library dir [/usr/lib/x86_64-linux-gnu/] ==> [/usr/lib/x86_64-linux-gnu]
  collapse library dir [/usr/lib/../lib64] ==> [/usr/lib64]
  collapse library dir [/usr/lib/../lib/] ==> [/usr/lib]
  collapse library dir [/opt/intel/compilers_and_libraries_2020.2.254/linux/mpi/intel64/libfabric/lib/] ==> [/opt/intel/compilers_and_libraries_2020.2.254/linux/mpi/intel64/libfabric/lib]
  collapse library dir [/opt/intel/compilers_and_libraries_2020.2.254/linux/ipp/lib/intel64/] ==> [/opt/intel/compilers_and_libraries_2020.2.254/linux/ipp/lib/intel64]
  collapse library dir [/opt/intel/compilers_and_libraries_2020.2.254/linux/compiler/lib/intel64_lin/] ==> [/opt/intel/compilers_and_libraries_2020.2.254/linux/compiler/lib/intel64_lin]
  collapse library dir [/opt/intel/compilers_and_libraries_2020.2.254/linux/mkl/lib/intel64_lin/] ==> [/opt/intel/compilers_and_libraries_2020.2.254/linux/mkl/lib/intel64_lin]
  collapse library dir [/opt/intel/compilers_and_libraries_2020.2.254/linux/tbb/lib/intel64/gcc4.8/] ==> [/opt/intel/compilers_and_libraries_2020.2.254/linux/tbb/lib/intel64/gcc4.8]
  collapse library dir [/opt/intel/compilers_and_libraries_2020.2.254/linux/daal/lib/intel64_lin/] ==> [/opt/intel/compilers_and_libraries_2020.2.254/linux/daal/lib/intel64_lin]
  collapse library dir [/opt/intel/compilers_and_libraries_2020.2.254/linux/daal/../tbb/lib/intel64_lin/gcc4.8/] ==> [/opt/intel/compilers_and_libraries_2020.2.254/linux/tbb/lib/intel64_lin/gcc4.8]
  collapse library dir [/usr/lib/gcc/x86_64-linux-gnu/9/../../../] ==> [/usr/lib]
  collapse library dir [/lib64] ==> [/lib64]
  collapse library dir [/lib/] ==> [/lib]
  collapse library dir [/usr/lib64] ==> [/usr/lib64]
  collapse library dir [/usr/lib] ==> [/usr/lib]
  collapse library dir [/usr/lib/i386-linux-gnu] ==> [/usr/lib/i386-linux-gnu]
  implicit libs: [imf;svml;irng;stdc++;m;ipgo;decimal;cilkrts;stdc++;gcc;gcc_s;irc;svml;c;gcc;gcc_s;irc_s;dl;c]
  implicit dirs: [/opt/intel/compilers_and_libraries_2020.2.254/linux/mpi/intel64/libfabric/lib;/opt/intel/compilers_and_libraries_2020.2.254/linux/ipp/lib/intel64;/opt/intel/compilers_and_libraries_2020.2.254/linux/compiler/lib/intel64_lin;/opt/intel/compilers_and_libraries_2020.2.254/linux/mkl/lib/intel64_lin;/opt/intel/compilers_and_libraries_2020.2.254/linux/tbb/lib/intel64/gcc4.8;/opt/intel/compilers_and_libraries_2020.2.254/linux/daal/lib/intel64_lin;/opt/intel/compilers_and_libraries_2020.2.254/linux/tbb/lib/intel64_lin/gcc4.4;/opt/intel/compilers_and_libraries_2020.2.254/linux/tbb/lib/intel64_lin/gcc4.8;/usr/lib/gcc/x86_64-linux-gnu/9;/usr/lib/x86_64-linux-gnu;/usr/lib64;/usr/lib;/lib/x86_64-linux-gnu;/lib64;/lib;/usr/lib/i386-linux-gnu]
  implicit fwks: []


Determining if the include file pthread.h exists passed with the following output:
Change Dir: /home/dante/dev/NilDa/build/CMakeFiles/CMakeTmp

Run Build Command(s):/usr/bin/make cmTC_b3780/fast && /usr/bin/make  -f CMakeFiles/cmTC_b3780.dir/build.make CMakeFiles/cmTC_b3780.dir/build
make[1]: Entering directory '/home/dante/dev/NilDa/build/CMakeFiles/CMakeTmp'
Building C object CMakeFiles/cmTC_b3780.dir/CheckIncludeFile.c.o
/opt/intel/compilers_and_libraries_2020.2.254/linux/bin/intel64/icc    -o CMakeFiles/cmTC_b3780.dir/CheckIncludeFile.c.o -c /home/dante/dev/NilDa/build/CMakeFiles/CMakeTmp/CheckIncludeFile.c
Linking C executable cmTC_b3780
/snap/cmake/487/bin/cmake -E cmake_link_script CMakeFiles/cmTC_b3780.dir/link.txt --verbose=1
/opt/intel/compilers_and_libraries_2020.2.254/linux/bin/intel64/icc CMakeFiles/cmTC_b3780.dir/CheckIncludeFile.c.o -o cmTC_b3780 
make[1]: Leaving directory '/home/dante/dev/NilDa/build/CMakeFiles/CMakeTmp'



Determining if the function pthread_create exists in the pthread passed with the following output:
Change Dir: /home/dante/dev/NilDa/build/CMakeFiles/CMakeTmp

Run Build Command(s):/usr/bin/make cmTC_f417e/fast && /usr/bin/make  -f CMakeFiles/cmTC_f417e.dir/build.make CMakeFiles/cmTC_f417e.dir/build
make[1]: Entering directory '/home/dante/dev/NilDa/build/CMakeFiles/CMakeTmp'
Building C object CMakeFiles/cmTC_f417e.dir/CheckFunctionExists.c.o
/opt/intel/compilers_and_libraries_2020.2.254/linux/bin/intel64/icc   -DCHECK_FUNCTION_EXISTS=pthread_create -o CMakeFiles/cmTC_f417e.dir/CheckFunctionExists.c.o -c /snap/cmake/487/share/cmake-3.18/Modules/CheckFunctionExists.c
Linking C executable cmTC_f417e
/snap/cmake/487/bin/cmake -E cmake_link_script CMakeFiles/cmTC_f417e.dir/link.txt --verbose=1
/opt/intel/compilers_and_libraries_2020.2.254/linux/bin/intel64/icc  -DCHECK_FUNCTION_EXISTS=pthread_create CMakeFiles/cmTC_f417e.dir/CheckFunctionExists.c.o -o cmTC_f417e  -lpthread 
make[1]: Leaving directory '/home/dante/dev/NilDa/build/CMakeFiles/CMakeTmp'



